ERROR - 2026-06-12 17:29:50 --> Error connecting to the database: mysqli_sql_exception: No se puede establecer una conexión ya que el equipo de destino denegó expresamente dicha conexión in \\VVGDL-SERVER\XAMPP\htdocs\sistema\system\Database\MySQLi\Connection.php:201
Stack trace:
#0 \\VVGDL-SERVER\XAMPP\htdocs\sistema\system\Database\MySQLi\Connection.php(201): mysqli->real_connect('localhost', 'root', Object(SensitiveParameterValue), 'videovig_sistem...', 3306, '', 0)
#1 \\VVGDL-SERVER\XAMPP\htdocs\sistema\system\Database\BaseConnection.php(419): CodeIgniter\Database\MySQLi\Connection->connect(false)
#2 \\VVGDL-SERVER\XAMPP\htdocs\sistema\system\Database\BaseConnection.php(614): CodeIgniter\Database\BaseConnection->initialize()
#3 \\VVGDL-SERVER\XAMPP\htdocs\sistema\system\Database\BaseConnection.php(1525): CodeIgniter\Database\BaseConnection->query('SHOW TABLES FRO...')
#4 \\VVGDL-SERVER\XAMPP\htdocs\sistema\system\Database\BaseConnection.php(1545): CodeIgniter\Database\BaseConnection->listTables()
#5 \\VVGDL-SERVER\XAMPP\htdocs\sistema\system\Database\MigrationRunner.php(768): CodeIgniter\Database\BaseConnection->tableExists('migrations')
#6 \\VVGDL-SERVER\XAMPP\htdocs\sistema\system\Database\MigrationRunner.php(162): CodeIgniter\Database\MigrationRunner->ensureTable()
#7 \\VVGDL-SERVER\XAMPP\htdocs\sistema\system\Commands\Database\Migrate.php(85): CodeIgniter\Database\MigrationRunner->latest(NULL)
#8 \\VVGDL-SERVER\XAMPP\htdocs\sistema\system\CLI\Commands.php(74): CodeIgniter\Commands\Database\Migrate->run(Array)
#9 \\VVGDL-SERVER\XAMPP\htdocs\sistema\system\CLI\Console.php(47): CodeIgniter\CLI\Commands->run('migrate', Array)
#10 \\VVGDL-SERVER\XAMPP\htdocs\sistema\system\Boot.php(388): CodeIgniter\CLI\Console->run()
#11 \\VVGDL-SERVER\XAMPP\htdocs\sistema\system\Boot.php(133): CodeIgniter\Boot::runCommand(Object(CodeIgniter\CLI\Console))
#12 \\VVGDL-SERVER\XAMPP\htdocs\sistema\spark(87): CodeIgniter\Boot::bootSpark(Object(Config\Paths))
#13 {main}

Next CodeIgniter\Database\Exceptions\DatabaseException: No se puede establecer una conexión ya que el equipo de destino denegó expresamente dicha conexión in \\VVGDL-SERVER\XAMPP\htdocs\sistema\system\Database\MySQLi\Connection.php:246
Stack trace:
#0 \\VVGDL-SERVER\XAMPP\htdocs\sistema\system\Database\BaseConnection.php(419): CodeIgniter\Database\MySQLi\Connection->connect(false)
#1 \\VVGDL-SERVER\XAMPP\htdocs\sistema\system\Database\BaseConnection.php(614): CodeIgniter\Database\BaseConnection->initialize()
#2 \\VVGDL-SERVER\XAMPP\htdocs\sistema\system\Database\BaseConnection.php(1525): CodeIgniter\Database\BaseConnection->query('SHOW TABLES FRO...')
#3 \\VVGDL-SERVER\XAMPP\htdocs\sistema\system\Database\BaseConnection.php(1545): CodeIgniter\Database\BaseConnection->listTables()
#4 \\VVGDL-SERVER\XAMPP\htdocs\sistema\system\Database\MigrationRunner.php(768): CodeIgniter\Database\BaseConnection->tableExists('migrations')
#5 \\VVGDL-SERVER\XAMPP\htdocs\sistema\system\Database\MigrationRunner.php(162): CodeIgniter\Database\MigrationRunner->ensureTable()
#6 \\VVGDL-SERVER\XAMPP\htdocs\sistema\system\Commands\Database\Migrate.php(85): CodeIgniter\Database\MigrationRunner->latest(NULL)
#7 \\VVGDL-SERVER\XAMPP\htdocs\sistema\system\CLI\Commands.php(74): CodeIgniter\Commands\Database\Migrate->run(Array)
#8 \\VVGDL-SERVER\XAMPP\htdocs\sistema\system\CLI\Console.php(47): CodeIgniter\CLI\Commands->run('migrate', Array)
#9 \\VVGDL-SERVER\XAMPP\htdocs\sistema\system\Boot.php(388): CodeIgniter\CLI\Console->run()
#10 \\VVGDL-SERVER\XAMPP\htdocs\sistema\system\Boot.php(133): CodeIgniter\Boot::runCommand(Object(CodeIgniter\CLI\Console))
#11 \\VVGDL-SERVER\XAMPP\htdocs\sistema\spark(87): CodeIgniter\Boot::bootSpark(Object(Config\Paths))
#12 {main}
ERROR - 2026-06-12 20:17:47 --> Error connecting to the database: mysqli_sql_exception: No se puede establecer una conexión ya que el equipo de destino denegó expresamente dicha conexión in \\VVGDL-SERVER\XAMPP\htdocs\sistema\system\Database\MySQLi\Connection.php:201
Stack trace:
#0 \\VVGDL-SERVER\XAMPP\htdocs\sistema\system\Database\MySQLi\Connection.php(201): mysqli->real_connect('localhost', 'root', Object(SensitiveParameterValue), 'videovig_sistem...', 3306, '', 0)
#1 \\VVGDL-SERVER\XAMPP\htdocs\sistema\system\Database\BaseConnection.php(419): CodeIgniter\Database\MySQLi\Connection->connect(false)
#2 \\VVGDL-SERVER\XAMPP\htdocs\sistema\system\Database\BaseConnection.php(614): CodeIgniter\Database\BaseConnection->initialize()
#3 \\VVGDL-SERVER\XAMPP\htdocs\sistema\system\Database\BaseConnection.php(1525): CodeIgniter\Database\BaseConnection->query('SHOW TABLES FRO...')
#4 \\VVGDL-SERVER\XAMPP\htdocs\sistema\system\Database\BaseConnection.php(1545): CodeIgniter\Database\BaseConnection->listTables()
#5 \\VVGDL-SERVER\XAMPP\htdocs\sistema\system\Database\MigrationRunner.php(768): CodeIgniter\Database\BaseConnection->tableExists('migrations')
#6 \\VVGDL-SERVER\XAMPP\htdocs\sistema\system\Database\MigrationRunner.php(162): CodeIgniter\Database\MigrationRunner->ensureTable()
#7 \\VVGDL-SERVER\XAMPP\htdocs\sistema\system\Commands\Database\Migrate.php(85): CodeIgniter\Database\MigrationRunner->latest(NULL)
#8 \\VVGDL-SERVER\XAMPP\htdocs\sistema\system\CLI\Commands.php(74): CodeIgniter\Commands\Database\Migrate->run(Array)
#9 \\VVGDL-SERVER\XAMPP\htdocs\sistema\system\CLI\Console.php(47): CodeIgniter\CLI\Commands->run('migrate', Array)
#10 \\VVGDL-SERVER\XAMPP\htdocs\sistema\system\Boot.php(388): CodeIgniter\CLI\Console->run()
#11 \\VVGDL-SERVER\XAMPP\htdocs\sistema\system\Boot.php(133): CodeIgniter\Boot::runCommand(Object(CodeIgniter\CLI\Console))
#12 \\VVGDL-SERVER\XAMPP\htdocs\sistema\spark(87): CodeIgniter\Boot::bootSpark(Object(Config\Paths))
#13 {main}

Next CodeIgniter\Database\Exceptions\DatabaseException: No se puede establecer una conexión ya que el equipo de destino denegó expresamente dicha conexión in \\VVGDL-SERVER\XAMPP\htdocs\sistema\system\Database\MySQLi\Connection.php:246
Stack trace:
#0 \\VVGDL-SERVER\XAMPP\htdocs\sistema\system\Database\BaseConnection.php(419): CodeIgniter\Database\MySQLi\Connection->connect(false)
#1 \\VVGDL-SERVER\XAMPP\htdocs\sistema\system\Database\BaseConnection.php(614): CodeIgniter\Database\BaseConnection->initialize()
#2 \\VVGDL-SERVER\XAMPP\htdocs\sistema\system\Database\BaseConnection.php(1525): CodeIgniter\Database\BaseConnection->query('SHOW TABLES FRO...')
#3 \\VVGDL-SERVER\XAMPP\htdocs\sistema\system\Database\BaseConnection.php(1545): CodeIgniter\Database\BaseConnection->listTables()
#4 \\VVGDL-SERVER\XAMPP\htdocs\sistema\system\Database\MigrationRunner.php(768): CodeIgniter\Database\BaseConnection->tableExists('migrations')
#5 \\VVGDL-SERVER\XAMPP\htdocs\sistema\system\Database\MigrationRunner.php(162): CodeIgniter\Database\MigrationRunner->ensureTable()
#6 \\VVGDL-SERVER\XAMPP\htdocs\sistema\system\Commands\Database\Migrate.php(85): CodeIgniter\Database\MigrationRunner->latest(NULL)
#7 \\VVGDL-SERVER\XAMPP\htdocs\sistema\system\CLI\Commands.php(74): CodeIgniter\Commands\Database\Migrate->run(Array)
#8 \\VVGDL-SERVER\XAMPP\htdocs\sistema\system\CLI\Console.php(47): CodeIgniter\CLI\Commands->run('migrate', Array)
#9 \\VVGDL-SERVER\XAMPP\htdocs\sistema\system\Boot.php(388): CodeIgniter\CLI\Console->run()
#10 \\VVGDL-SERVER\XAMPP\htdocs\sistema\system\Boot.php(133): CodeIgniter\Boot::runCommand(Object(CodeIgniter\CLI\Console))
#11 \\VVGDL-SERVER\XAMPP\htdocs\sistema\spark(87): CodeIgniter\Boot::bootSpark(Object(Config\Paths))
#12 {main}
ERROR - 2026-06-12 20:21:36 --> Error connecting to the database: mysqli_sql_exception: Host 'DESKTOP-A8C53U6' is not allowed to connect to this MariaDB server in \\VVGDL-SERVER\XAMPP\htdocs\sistema\system\Database\MySQLi\Connection.php:201
Stack trace:
#0 \\VVGDL-SERVER\XAMPP\htdocs\sistema\system\Database\MySQLi\Connection.php(201): mysqli->real_connect('vvgdl-server', 'root', Object(SensitiveParameterValue), 'videovig_sistem...', 3306, '', 0)
#1 \\VVGDL-SERVER\XAMPP\htdocs\sistema\system\Database\BaseConnection.php(419): CodeIgniter\Database\MySQLi\Connection->connect(false)
#2 \\VVGDL-SERVER\XAMPP\htdocs\sistema\system\Database\BaseConnection.php(614): CodeIgniter\Database\BaseConnection->initialize()
#3 \\VVGDL-SERVER\XAMPP\htdocs\sistema\system\Database\BaseConnection.php(1525): CodeIgniter\Database\BaseConnection->query('SHOW TABLES FRO...')
#4 \\VVGDL-SERVER\XAMPP\htdocs\sistema\system\Database\BaseConnection.php(1545): CodeIgniter\Database\BaseConnection->listTables()
#5 \\VVGDL-SERVER\XAMPP\htdocs\sistema\system\Database\MigrationRunner.php(768): CodeIgniter\Database\BaseConnection->tableExists('migrations')
#6 \\VVGDL-SERVER\XAMPP\htdocs\sistema\system\Database\MigrationRunner.php(162): CodeIgniter\Database\MigrationRunner->ensureTable()
#7 \\VVGDL-SERVER\XAMPP\htdocs\sistema\system\Commands\Database\Migrate.php(85): CodeIgniter\Database\MigrationRunner->latest(NULL)
#8 \\VVGDL-SERVER\XAMPP\htdocs\sistema\system\CLI\Commands.php(74): CodeIgniter\Commands\Database\Migrate->run(Array)
#9 \\VVGDL-SERVER\XAMPP\htdocs\sistema\system\CLI\Console.php(47): CodeIgniter\CLI\Commands->run('migrate', Array)
#10 \\VVGDL-SERVER\XAMPP\htdocs\sistema\system\Boot.php(388): CodeIgniter\CLI\Console->run()
#11 \\VVGDL-SERVER\XAMPP\htdocs\sistema\system\Boot.php(133): CodeIgniter\Boot::runCommand(Object(CodeIgniter\CLI\Console))
#12 \\VVGDL-SERVER\XAMPP\htdocs\sistema\spark(87): CodeIgniter\Boot::bootSpark(Object(Config\Paths))
#13 {main}

Next CodeIgniter\Database\Exceptions\DatabaseException: Host 'DESKTOP-A8C53U6' is not allowed to connect to this MariaDB server in \\VVGDL-SERVER\XAMPP\htdocs\sistema\system\Database\MySQLi\Connection.php:246
Stack trace:
#0 \\VVGDL-SERVER\XAMPP\htdocs\sistema\system\Database\BaseConnection.php(419): CodeIgniter\Database\MySQLi\Connection->connect(false)
#1 \\VVGDL-SERVER\XAMPP\htdocs\sistema\system\Database\BaseConnection.php(614): CodeIgniter\Database\BaseConnection->initialize()
#2 \\VVGDL-SERVER\XAMPP\htdocs\sistema\system\Database\BaseConnection.php(1525): CodeIgniter\Database\BaseConnection->query('SHOW TABLES FRO...')
#3 \\VVGDL-SERVER\XAMPP\htdocs\sistema\system\Database\BaseConnection.php(1545): CodeIgniter\Database\BaseConnection->listTables()
#4 \\VVGDL-SERVER\XAMPP\htdocs\sistema\system\Database\MigrationRunner.php(768): CodeIgniter\Database\BaseConnection->tableExists('migrations')
#5 \\VVGDL-SERVER\XAMPP\htdocs\sistema\system\Database\MigrationRunner.php(162): CodeIgniter\Database\MigrationRunner->ensureTable()
#6 \\VVGDL-SERVER\XAMPP\htdocs\sistema\system\Commands\Database\Migrate.php(85): CodeIgniter\Database\MigrationRunner->latest(NULL)
#7 \\VVGDL-SERVER\XAMPP\htdocs\sistema\system\CLI\Commands.php(74): CodeIgniter\Commands\Database\Migrate->run(Array)
#8 \\VVGDL-SERVER\XAMPP\htdocs\sistema\system\CLI\Console.php(47): CodeIgniter\CLI\Commands->run('migrate', Array)
#9 \\VVGDL-SERVER\XAMPP\htdocs\sistema\system\Boot.php(388): CodeIgniter\CLI\Console->run()
#10 \\VVGDL-SERVER\XAMPP\htdocs\sistema\system\Boot.php(133): CodeIgniter\Boot::runCommand(Object(CodeIgniter\CLI\Console))
#11 \\VVGDL-SERVER\XAMPP\htdocs\sistema\spark(87): CodeIgniter\Boot::bootSpark(Object(Config\Paths))
#12 {main}
ERROR - 2026-06-12 20:28:30 --> Error connecting to the database: mysqli_sql_exception: Host 'VVGDL-SERVER' is not allowed to connect to this MariaDB server in C:\xampp\htdocs\sistema\system\Database\MySQLi\Connection.php:201
Stack trace:
#0 C:\xampp\htdocs\sistema\system\Database\MySQLi\Connection.php(201): mysqli->real_connect('vvgdl-server', 'root', Object(SensitiveParameterValue), 'videovig_sistem...', 3306, '', 0)
#1 C:\xampp\htdocs\sistema\system\Database\BaseConnection.php(419): CodeIgniter\Database\MySQLi\Connection->connect(false)
#2 C:\xampp\htdocs\sistema\system\Database\BaseConnection.php(614): CodeIgniter\Database\BaseConnection->initialize()
#3 C:\xampp\htdocs\sistema\system\Database\BaseConnection.php(1525): CodeIgniter\Database\BaseConnection->query('SHOW TABLES FRO...')
#4 C:\xampp\htdocs\sistema\system\Database\BaseConnection.php(1545): CodeIgniter\Database\BaseConnection->listTables()
#5 C:\xampp\htdocs\sistema\system\Database\MigrationRunner.php(768): CodeIgniter\Database\BaseConnection->tableExists('migrations')
#6 C:\xampp\htdocs\sistema\system\Database\MigrationRunner.php(162): CodeIgniter\Database\MigrationRunner->ensureTable()
#7 C:\xampp\htdocs\sistema\system\Commands\Database\Migrate.php(85): CodeIgniter\Database\MigrationRunner->latest(NULL)
#8 C:\xampp\htdocs\sistema\system\CLI\Commands.php(74): CodeIgniter\Commands\Database\Migrate->run(Array)
#9 C:\xampp\htdocs\sistema\system\CLI\Console.php(47): CodeIgniter\CLI\Commands->run('migrate', Array)
#10 C:\xampp\htdocs\sistema\system\Boot.php(388): CodeIgniter\CLI\Console->run()
#11 C:\xampp\htdocs\sistema\system\Boot.php(133): CodeIgniter\Boot::runCommand(Object(CodeIgniter\CLI\Console))
#12 C:\xampp\htdocs\sistema\spark(87): CodeIgniter\Boot::bootSpark(Object(Config\Paths))
#13 {main}

Next CodeIgniter\Database\Exceptions\DatabaseException: Host 'VVGDL-SERVER' is not allowed to connect to this MariaDB server in C:\xampp\htdocs\sistema\system\Database\MySQLi\Connection.php:246
Stack trace:
#0 C:\xampp\htdocs\sistema\system\Database\BaseConnection.php(419): CodeIgniter\Database\MySQLi\Connection->connect(false)
#1 C:\xampp\htdocs\sistema\system\Database\BaseConnection.php(614): CodeIgniter\Database\BaseConnection->initialize()
#2 C:\xampp\htdocs\sistema\system\Database\BaseConnection.php(1525): CodeIgniter\Database\BaseConnection->query('SHOW TABLES FRO...')
#3 C:\xampp\htdocs\sistema\system\Database\BaseConnection.php(1545): CodeIgniter\Database\BaseConnection->listTables()
#4 C:\xampp\htdocs\sistema\system\Database\MigrationRunner.php(768): CodeIgniter\Database\BaseConnection->tableExists('migrations')
#5 C:\xampp\htdocs\sistema\system\Database\MigrationRunner.php(162): CodeIgniter\Database\MigrationRunner->ensureTable()
#6 C:\xampp\htdocs\sistema\system\Commands\Database\Migrate.php(85): CodeIgniter\Database\MigrationRunner->latest(NULL)
#7 C:\xampp\htdocs\sistema\system\CLI\Commands.php(74): CodeIgniter\Commands\Database\Migrate->run(Array)
#8 C:\xampp\htdocs\sistema\system\CLI\Console.php(47): CodeIgniter\CLI\Commands->run('migrate', Array)
#9 C:\xampp\htdocs\sistema\system\Boot.php(388): CodeIgniter\CLI\Console->run()
#10 C:\xampp\htdocs\sistema\system\Boot.php(133): CodeIgniter\Boot::runCommand(Object(CodeIgniter\CLI\Console))
#11 C:\xampp\htdocs\sistema\spark(87): CodeIgniter\Boot::bootSpark(Object(Config\Paths))
#12 {main}
ERROR - 2026-06-12 20:29:12 --> mysqli_sql_exception: Can't create table `videovig_sistemavvgdl`.`serviciosautos` (errno: 150 "Foreign key constraint is incorrectly formed") in C:\xampp\htdocs\sistema\system\Database\MySQLi\Connection.php:327
Stack trace:
#0 C:\xampp\htdocs\sistema\system\Database\MySQLi\Connection.php(327): mysqli->query('CREATE TABLE `s...', 0)
#1 C:\xampp\htdocs\sistema\system\Database\BaseConnection.php(729): CodeIgniter\Database\MySQLi\Connection->execute('CREATE TABLE `s...')
#2 C:\xampp\htdocs\sistema\system\Database\BaseConnection.php(646): CodeIgniter\Database\BaseConnection->simpleQuery('CREATE TABLE `s...')
#3 C:\xampp\htdocs\sistema\system\Database\Forge.php(570): CodeIgniter\Database\BaseConnection->query('CREATE TABLE `s...')
#4 C:\xampp\htdocs\sistema\app\Database\Migrations\2026-06-11-234356_ServiciosAutos.php(58): CodeIgniter\Database\Forge->createTable('serviciosAutos')
#5 C:\xampp\htdocs\sistema\system\Database\MigrationRunner.php(876): App\Database\Migrations\ServiciosAutos->up()
#6 C:\xampp\htdocs\sistema\system\Database\MigrationRunner.php(182): CodeIgniter\Database\MigrationRunner->migrate('up', Object(stdClass))
#7 C:\xampp\htdocs\sistema\system\Commands\Database\Migrate.php(85): CodeIgniter\Database\MigrationRunner->latest(NULL)
#8 C:\xampp\htdocs\sistema\system\CLI\Commands.php(74): CodeIgniter\Commands\Database\Migrate->run(Array)
#9 C:\xampp\htdocs\sistema\system\CLI\Console.php(47): CodeIgniter\CLI\Commands->run('migrate', Array)
#10 C:\xampp\htdocs\sistema\system\Boot.php(388): CodeIgniter\CLI\Console->run()
#11 C:\xampp\htdocs\sistema\system\Boot.php(133): CodeIgniter\Boot::runCommand(Object(CodeIgniter\CLI\Console))
#12 C:\xampp\htdocs\sistema\spark(87): CodeIgniter\Boot::bootSpark(Object(Config\Paths))
#13 {main}
ERROR - 2026-06-12 20:29:12 --> mysqli_sql_exception: You have an error in your SQL syntax; check the manual that corresponds to your MariaDB server version for the right syntax to use near '(1) NOT NULL DEFAULT 1,
	`created_at` DATETIME NULL,
	`updated_at` DATETIME N...' at line 7 in C:\xampp\htdocs\sistema\system\Database\MySQLi\Connection.php:327
Stack trace:
#0 C:\xampp\htdocs\sistema\system\Database\MySQLi\Connection.php(327): mysqli->query('CREATE TABLE `a...', 0)
#1 C:\xampp\htdocs\sistema\system\Database\BaseConnection.php(729): CodeIgniter\Database\MySQLi\Connection->execute('CREATE TABLE `a...')
#2 C:\xampp\htdocs\sistema\system\Database\BaseConnection.php(646): CodeIgniter\Database\BaseConnection->simpleQuery('CREATE TABLE `a...')
#3 C:\xampp\htdocs\sistema\system\Database\Forge.php(570): CodeIgniter\Database\BaseConnection->query('CREATE TABLE `a...')
#4 C:\xampp\htdocs\sistema\app\Database\Migrations\2026-06-12-000847_Autos.php(49): CodeIgniter\Database\Forge->createTable('autos')
#5 C:\xampp\htdocs\sistema\system\Database\MigrationRunner.php(876): App\Database\Migrations\Autos->up()
#6 C:\xampp\htdocs\sistema\system\Database\MigrationRunner.php(182): CodeIgniter\Database\MigrationRunner->migrate('up', Object(stdClass))
#7 C:\xampp\htdocs\sistema\system\Commands\Database\Migrate.php(85): CodeIgniter\Database\MigrationRunner->latest(NULL)
#8 C:\xampp\htdocs\sistema\system\CLI\Commands.php(74): CodeIgniter\Commands\Database\Migrate->run(Array)
#9 C:\xampp\htdocs\sistema\system\CLI\Console.php(47): CodeIgniter\CLI\Commands->run('migrate', Array)
#10 C:\xampp\htdocs\sistema\system\Boot.php(388): CodeIgniter\CLI\Console->run()
#11 C:\xampp\htdocs\sistema\system\Boot.php(133): CodeIgniter\Boot::runCommand(Object(CodeIgniter\CLI\Console))
#12 C:\xampp\htdocs\sistema\spark(87): CodeIgniter\Boot::bootSpark(Object(Config\Paths))
#13 {main}
ERROR - 2026-06-12 20:46:00 --> mysqli_sql_exception: You have an error in your SQL syntax; check the manual that corresponds to your MariaDB server version for the right syntax to use near '(1) NOT NULL DEFAULT 1,
	`created_at` DATETIME NULL,
	`updated_at` DATETIME N...' at line 7 in C:\xampp\htdocs\sistema\system\Database\MySQLi\Connection.php:327
Stack trace:
#0 C:\xampp\htdocs\sistema\system\Database\MySQLi\Connection.php(327): mysqli->query('CREATE TABLE `a...', 0)
#1 C:\xampp\htdocs\sistema\system\Database\BaseConnection.php(729): CodeIgniter\Database\MySQLi\Connection->execute('CREATE TABLE `a...')
#2 C:\xampp\htdocs\sistema\system\Database\BaseConnection.php(646): CodeIgniter\Database\BaseConnection->simpleQuery('CREATE TABLE `a...')
#3 C:\xampp\htdocs\sistema\system\Database\Forge.php(570): CodeIgniter\Database\BaseConnection->query('CREATE TABLE `a...')
#4 C:\xampp\htdocs\sistema\app\Database\Migrations\2026-06-11-234247_Autos.php(49): CodeIgniter\Database\Forge->createTable('autos')
#5 C:\xampp\htdocs\sistema\system\Database\MigrationRunner.php(876): App\Database\Migrations\Autos->up()
#6 C:\xampp\htdocs\sistema\system\Database\MigrationRunner.php(182): CodeIgniter\Database\MigrationRunner->migrate('up', Object(stdClass))
#7 C:\xampp\htdocs\sistema\system\Commands\Database\Migrate.php(85): CodeIgniter\Database\MigrationRunner->latest(NULL)
#8 C:\xampp\htdocs\sistema\system\CLI\Commands.php(74): CodeIgniter\Commands\Database\Migrate->run(Array)
#9 C:\xampp\htdocs\sistema\system\CLI\Console.php(47): CodeIgniter\CLI\Commands->run('migrate', Array)
#10 C:\xampp\htdocs\sistema\system\Boot.php(388): CodeIgniter\CLI\Console->run()
#11 C:\xampp\htdocs\sistema\system\Boot.php(133): CodeIgniter\Boot::runCommand(Object(CodeIgniter\CLI\Console))
#12 C:\xampp\htdocs\sistema\spark(87): CodeIgniter\Boot::bootSpark(Object(Config\Paths))
#13 {main}
ERROR - 2026-06-12 20:46:54 --> mysqli_sql_exception: You have an error in your SQL syntax; check the manual that corresponds to your MariaDB server version for the right syntax to use near '(1) NOT NULL DEFAULT 1,
	`created_at` DATETIME NULL,
	`updated_at` DATETIME N...' at line 7 in C:\xampp\htdocs\sistema\system\Database\MySQLi\Connection.php:327
Stack trace:
#0 C:\xampp\htdocs\sistema\system\Database\MySQLi\Connection.php(327): mysqli->query('CREATE TABLE `a...', 0)
#1 C:\xampp\htdocs\sistema\system\Database\BaseConnection.php(729): CodeIgniter\Database\MySQLi\Connection->execute('CREATE TABLE `a...')
#2 C:\xampp\htdocs\sistema\system\Database\BaseConnection.php(646): CodeIgniter\Database\BaseConnection->simpleQuery('CREATE TABLE `a...')
#3 C:\xampp\htdocs\sistema\system\Database\Forge.php(570): CodeIgniter\Database\BaseConnection->query('CREATE TABLE `a...')
#4 C:\xampp\htdocs\sistema\app\Database\Migrations\2026-06-11-234247_Autos.php(49): CodeIgniter\Database\Forge->createTable('autos')
#5 C:\xampp\htdocs\sistema\system\Database\MigrationRunner.php(876): App\Database\Migrations\Autos->up()
#6 C:\xampp\htdocs\sistema\system\Database\MigrationRunner.php(182): CodeIgniter\Database\MigrationRunner->migrate('up', Object(stdClass))
#7 C:\xampp\htdocs\sistema\system\Commands\Database\Migrate.php(85): CodeIgniter\Database\MigrationRunner->latest(NULL)
#8 C:\xampp\htdocs\sistema\system\CLI\Commands.php(74): CodeIgniter\Commands\Database\Migrate->run(Array)
#9 C:\xampp\htdocs\sistema\system\CLI\Console.php(47): CodeIgniter\CLI\Commands->run('migrate', Array)
#10 C:\xampp\htdocs\sistema\system\Boot.php(388): CodeIgniter\CLI\Console->run()
#11 C:\xampp\htdocs\sistema\system\Boot.php(133): CodeIgniter\Boot::runCommand(Object(CodeIgniter\CLI\Console))
#12 C:\xampp\htdocs\sistema\spark(87): CodeIgniter\Boot::bootSpark(Object(Config\Paths))
#13 {main}
ERROR - 2026-06-12 20:46:54 --> mysqli_sql_exception: Can't create table `videovig_sistemavvgdl`.`serviciosautos` (errno: 150 "Foreign key constraint is incorrectly formed") in C:\xampp\htdocs\sistema\system\Database\MySQLi\Connection.php:327
Stack trace:
#0 C:\xampp\htdocs\sistema\system\Database\MySQLi\Connection.php(327): mysqli->query('CREATE TABLE `s...', 0)
#1 C:\xampp\htdocs\sistema\system\Database\BaseConnection.php(729): CodeIgniter\Database\MySQLi\Connection->execute('CREATE TABLE `s...')
#2 C:\xampp\htdocs\sistema\system\Database\BaseConnection.php(646): CodeIgniter\Database\BaseConnection->simpleQuery('CREATE TABLE `s...')
#3 C:\xampp\htdocs\sistema\system\Database\Forge.php(570): CodeIgniter\Database\BaseConnection->query('CREATE TABLE `s...')
#4 C:\xampp\htdocs\sistema\app\Database\Migrations\2026-06-11-234356_ServiciosAutos.php(58): CodeIgniter\Database\Forge->createTable('serviciosAutos')
#5 C:\xampp\htdocs\sistema\system\Database\MigrationRunner.php(876): App\Database\Migrations\ServiciosAutos->up()
#6 C:\xampp\htdocs\sistema\system\Database\MigrationRunner.php(182): CodeIgniter\Database\MigrationRunner->migrate('up', Object(stdClass))
#7 C:\xampp\htdocs\sistema\system\Commands\Database\Migrate.php(85): CodeIgniter\Database\MigrationRunner->latest(NULL)
#8 C:\xampp\htdocs\sistema\system\CLI\Commands.php(74): CodeIgniter\Commands\Database\Migrate->run(Array)
#9 C:\xampp\htdocs\sistema\system\CLI\Console.php(47): CodeIgniter\CLI\Commands->run('migrate', Array)
#10 C:\xampp\htdocs\sistema\system\Boot.php(388): CodeIgniter\CLI\Console->run()
#11 C:\xampp\htdocs\sistema\system\Boot.php(133): CodeIgniter\Boot::runCommand(Object(CodeIgniter\CLI\Console))
#12 C:\xampp\htdocs\sistema\spark(87): CodeIgniter\Boot::bootSpark(Object(Config\Paths))
#13 {main}
ERROR - 2026-06-12 20:48:15 --> mysqli_sql_exception: You have an error in your SQL syntax; check the manual that corresponds to your MariaDB server version for the right syntax to use near '(1) NOT NULL DEFAULT 1,
	`created_at` DATETIME NULL,
	`updated_at` DATETIME N...' at line 7 in C:\xampp\htdocs\sistema\system\Database\MySQLi\Connection.php:327
Stack trace:
#0 C:\xampp\htdocs\sistema\system\Database\MySQLi\Connection.php(327): mysqli->query('CREATE TABLE `a...', 0)
#1 C:\xampp\htdocs\sistema\system\Database\BaseConnection.php(729): CodeIgniter\Database\MySQLi\Connection->execute('CREATE TABLE `a...')
#2 C:\xampp\htdocs\sistema\system\Database\BaseConnection.php(646): CodeIgniter\Database\BaseConnection->simpleQuery('CREATE TABLE `a...')
#3 C:\xampp\htdocs\sistema\system\Database\Forge.php(570): CodeIgniter\Database\BaseConnection->query('CREATE TABLE `a...')
#4 C:\xampp\htdocs\sistema\app\Database\Migrations\2026-06-11-234247_Autos.php(49): CodeIgniter\Database\Forge->createTable('autos')
#5 C:\xampp\htdocs\sistema\system\Database\MigrationRunner.php(876): App\Database\Migrations\Autos->up()
#6 C:\xampp\htdocs\sistema\system\Database\MigrationRunner.php(182): CodeIgniter\Database\MigrationRunner->migrate('up', Object(stdClass))
#7 C:\xampp\htdocs\sistema\system\Commands\Database\Migrate.php(85): CodeIgniter\Database\MigrationRunner->latest(NULL)
#8 C:\xampp\htdocs\sistema\system\CLI\Commands.php(74): CodeIgniter\Commands\Database\Migrate->run(Array)
#9 C:\xampp\htdocs\sistema\system\CLI\Console.php(47): CodeIgniter\CLI\Commands->run('migrate', Array)
#10 C:\xampp\htdocs\sistema\system\Boot.php(388): CodeIgniter\CLI\Console->run()
#11 C:\xampp\htdocs\sistema\system\Boot.php(133): CodeIgniter\Boot::runCommand(Object(CodeIgniter\CLI\Console))
#12 C:\xampp\htdocs\sistema\spark(87): CodeIgniter\Boot::bootSpark(Object(Config\Paths))
#13 {main}
ERROR - 2026-06-12 20:48:15 --> mysqli_sql_exception: Can't create table `videovig_sistemavvgdl`.`serviciosautos` (errno: 150 "Foreign key constraint is incorrectly formed") in C:\xampp\htdocs\sistema\system\Database\MySQLi\Connection.php:327
Stack trace:
#0 C:\xampp\htdocs\sistema\system\Database\MySQLi\Connection.php(327): mysqli->query('CREATE TABLE `s...', 0)
#1 C:\xampp\htdocs\sistema\system\Database\BaseConnection.php(729): CodeIgniter\Database\MySQLi\Connection->execute('CREATE TABLE `s...')
#2 C:\xampp\htdocs\sistema\system\Database\BaseConnection.php(646): CodeIgniter\Database\BaseConnection->simpleQuery('CREATE TABLE `s...')
#3 C:\xampp\htdocs\sistema\system\Database\Forge.php(570): CodeIgniter\Database\BaseConnection->query('CREATE TABLE `s...')
#4 C:\xampp\htdocs\sistema\app\Database\Migrations\2026-06-11-234356_ServiciosAutos.php(58): CodeIgniter\Database\Forge->createTable('serviciosAutos')
#5 C:\xampp\htdocs\sistema\system\Database\MigrationRunner.php(876): App\Database\Migrations\ServiciosAutos->up()
#6 C:\xampp\htdocs\sistema\system\Database\MigrationRunner.php(182): CodeIgniter\Database\MigrationRunner->migrate('up', Object(stdClass))
#7 C:\xampp\htdocs\sistema\system\Commands\Database\Migrate.php(85): CodeIgniter\Database\MigrationRunner->latest(NULL)
#8 C:\xampp\htdocs\sistema\system\CLI\Commands.php(74): CodeIgniter\Commands\Database\Migrate->run(Array)
#9 C:\xampp\htdocs\sistema\system\CLI\Console.php(47): CodeIgniter\CLI\Commands->run('migrate', Array)
#10 C:\xampp\htdocs\sistema\system\Boot.php(388): CodeIgniter\CLI\Console->run()
#11 C:\xampp\htdocs\sistema\system\Boot.php(133): CodeIgniter\Boot::runCommand(Object(CodeIgniter\CLI\Console))
#12 C:\xampp\htdocs\sistema\spark(87): CodeIgniter\Boot::bootSpark(Object(Config\Paths))
#13 {main}
ERROR - 2026-06-12 21:05:44 --> mysqli_sql_exception: Unknown table 'videovig_sistemavvgdl.servicios_autos' in C:\xampp\htdocs\sistema\system\Database\MySQLi\Connection.php:327
Stack trace:
#0 C:\xampp\htdocs\sistema\system\Database\MySQLi\Connection.php(327): mysqli->query('DROP TABLE `ser...', 0)
#1 C:\xampp\htdocs\sistema\system\Database\BaseConnection.php(729): CodeIgniter\Database\MySQLi\Connection->execute('DROP TABLE `ser...')
#2 C:\xampp\htdocs\sistema\system\Database\BaseConnection.php(646): CodeIgniter\Database\BaseConnection->simpleQuery('DROP TABLE `ser...')
#3 C:\xampp\htdocs\sistema\system\Database\Forge.php(663): CodeIgniter\Database\BaseConnection->query('DROP TABLE `ser...')
#4 C:\xampp\htdocs\sistema\app\Database\Migrations\2026-06-11-234356_ServiciosAutos.php(63): CodeIgniter\Database\Forge->dropTable('servicios_autos')
#5 C:\xampp\htdocs\sistema\system\Database\MigrationRunner.php(876): App\Database\Migrations\ServiciosAutos->down()
#6 C:\xampp\htdocs\sistema\system\Database\MigrationRunner.php(289): CodeIgniter\Database\MigrationRunner->migrate('down', Object(stdClass))
#7 C:\xampp\htdocs\sistema\system\Commands\Database\MigrateRollback.php(101): CodeIgniter\Database\MigrationRunner->regress(0)
#8 C:\xampp\htdocs\sistema\system\CLI\Commands.php(74): CodeIgniter\Commands\Database\MigrateRollback->run(Array)
#9 C:\xampp\htdocs\sistema\system\CLI\Console.php(47): CodeIgniter\CLI\Commands->run('migrate:rollbac...', Array)
#10 C:\xampp\htdocs\sistema\system\Boot.php(388): CodeIgniter\CLI\Console->run()
#11 C:\xampp\htdocs\sistema\system\Boot.php(133): CodeIgniter\Boot::runCommand(Object(CodeIgniter\CLI\Console))
#12 C:\xampp\htdocs\sistema\spark(87): CodeIgniter\Boot::bootSpark(Object(Config\Paths))
#13 {main}
