CRITICAL - 2026-07-09 14:20:41 --> ErrorException: Undefined array key "url"
[Method: GET, Route: calendario]
in APPPATH\Views\layouts\navbar.php on line 49.
 1 APPPATH\Views\layouts\navbar.php(49): CodeIgniter\Debug\Exceptions->errorHandler(2, 'Undefined array key "url"', 'C:\\xampp\\htdocs\\sistema\\app\\Views\\layouts\\navbar.php', 49)
 2 SYSTEMPATH\View\View.php(226): include('C:\\xampp\\htdocs\\sistema\\app\\Views\\layouts\\navbar.php')
 3 SYSTEMPATH\View\View.php(229): CodeIgniter\View\View->CodeIgniter\View\{closure}()
 4 SYSTEMPATH\View\View.php(475): CodeIgniter\View\View->render('layouts/navbar', null, true)
 5 APPPATH\Views\agenda\calendario.php(3): CodeIgniter\View\View->include('layouts/navbar')
 6 SYSTEMPATH\View\View.php(226): include('C:\\xampp\\htdocs\\sistema\\app\\Views\\agenda\\calendario.php')
 7 SYSTEMPATH\View\View.php(229): CodeIgniter\View\View->CodeIgniter\View\{closure}()
 8 SYSTEMPATH\Common.php(1167): CodeIgniter\View\View->render('agenda/calendario', [], true)
 9 APPPATH\Controllers\AgendaController.php(322): view('agenda/calendario')
10 SYSTEMPATH\CodeIgniter.php(933): App\Controllers\AgendaController->showCalendar()
11 SYSTEMPATH\CodeIgniter.php(507): CodeIgniter\CodeIgniter->runController(Object(App\Controllers\AgendaController))
12 SYSTEMPATH\CodeIgniter.php(354): CodeIgniter\CodeIgniter->handleRequest(null, Object(Config\Cache), false)
13 SYSTEMPATH\Boot.php(363): CodeIgniter\CodeIgniter->run()
14 SYSTEMPATH\Boot.php(68): CodeIgniter\Boot::runCodeIgniter(Object(CodeIgniter\CodeIgniter))
15 FCPATH\index.php(59): CodeIgniter\Boot::bootWeb(Object(Config\Paths))
CRITICAL - 2026-07-09 14:22:29 --> ErrorException: Undefined array key "url"
[Method: GET, Route: calendario]
in APPPATH\Views\layouts\navbar.php on line 49.
 1 APPPATH\Views\layouts\navbar.php(49): CodeIgniter\Debug\Exceptions->errorHandler(2, 'Undefined array key "url"', 'C:\\xampp\\htdocs\\sistema\\app\\Views\\layouts\\navbar.php', 49)
 2 SYSTEMPATH\View\View.php(226): include('C:\\xampp\\htdocs\\sistema\\app\\Views\\layouts\\navbar.php')
 3 SYSTEMPATH\View\View.php(229): CodeIgniter\View\View->CodeIgniter\View\{closure}()
 4 SYSTEMPATH\View\View.php(475): CodeIgniter\View\View->render('layouts/navbar', null, true)
 5 APPPATH\Views\agenda\calendario.php(3): CodeIgniter\View\View->include('layouts/navbar')
 6 SYSTEMPATH\View\View.php(226): include('C:\\xampp\\htdocs\\sistema\\app\\Views\\agenda\\calendario.php')
 7 SYSTEMPATH\View\View.php(229): CodeIgniter\View\View->CodeIgniter\View\{closure}()
 8 SYSTEMPATH\Common.php(1167): CodeIgniter\View\View->render('agenda/calendario', [], true)
 9 APPPATH\Controllers\AgendaController.php(322): view('agenda/calendario')
10 SYSTEMPATH\CodeIgniter.php(933): App\Controllers\AgendaController->showCalendar()
11 SYSTEMPATH\CodeIgniter.php(507): CodeIgniter\CodeIgniter->runController(Object(App\Controllers\AgendaController))
12 SYSTEMPATH\CodeIgniter.php(354): CodeIgniter\CodeIgniter->handleRequest(null, Object(Config\Cache), false)
13 SYSTEMPATH\Boot.php(363): CodeIgniter\CodeIgniter->run()
14 SYSTEMPATH\Boot.php(68): CodeIgniter\Boot::runCodeIgniter(Object(CodeIgniter\CodeIgniter))
15 FCPATH\index.php(59): CodeIgniter\Boot::bootWeb(Object(Config\Paths))
CRITICAL - 2026-07-09 14:59:57 --> ErrorException: Undefined array key "icono"
[Method: GET, Route: calendario]
in APPPATH\Views\layouts\navbar.php on line 50.
 1 APPPATH\Views\layouts\navbar.php(50): CodeIgniter\Debug\Exceptions->errorHandler(2, 'Undefined array key "icono"', 'C:\\xampp\\htdocs\\sistema\\app\\Views\\layouts\\navbar.php', 50)
 2 SYSTEMPATH\View\View.php(226): include('C:\\xampp\\htdocs\\sistema\\app\\Views\\layouts\\navbar.php')
 3 SYSTEMPATH\View\View.php(229): CodeIgniter\View\View->CodeIgniter\View\{closure}()
 4 SYSTEMPATH\View\View.php(475): CodeIgniter\View\View->render('layouts/navbar', null, true)
 5 APPPATH\Views\agenda\calendario.php(3): CodeIgniter\View\View->include('layouts/navbar')
 6 SYSTEMPATH\View\View.php(226): include('C:\\xampp\\htdocs\\sistema\\app\\Views\\agenda\\calendario.php')
 7 SYSTEMPATH\View\View.php(229): CodeIgniter\View\View->CodeIgniter\View\{closure}()
 8 SYSTEMPATH\Common.php(1167): CodeIgniter\View\View->render('agenda/calendario', [], true)
 9 APPPATH\Controllers\AgendaController.php(322): view('agenda/calendario')
10 SYSTEMPATH\CodeIgniter.php(933): App\Controllers\AgendaController->showCalendar()
11 SYSTEMPATH\CodeIgniter.php(507): CodeIgniter\CodeIgniter->runController(Object(App\Controllers\AgendaController))
12 SYSTEMPATH\CodeIgniter.php(354): CodeIgniter\CodeIgniter->handleRequest(null, Object(Config\Cache), false)
13 SYSTEMPATH\Boot.php(363): CodeIgniter\CodeIgniter->run()
14 SYSTEMPATH\Boot.php(68): CodeIgniter\Boot::runCodeIgniter(Object(CodeIgniter\CodeIgniter))
15 FCPATH\index.php(59): CodeIgniter\Boot::bootWeb(Object(Config\Paths))
CRITICAL - 2026-07-09 15:05:21 --> ErrorException: Undefined array key "icono"
[Method: GET, Route: calendario]
in APPPATH\Views\layouts\navbar.php on line 50.
 1 APPPATH\Views\layouts\navbar.php(50): CodeIgniter\Debug\Exceptions->errorHandler(2, 'Undefined array key "icono"', 'C:\\xampp\\htdocs\\sistema\\app\\Views\\layouts\\navbar.php', 50)
 2 SYSTEMPATH\View\View.php(226): include('C:\\xampp\\htdocs\\sistema\\app\\Views\\layouts\\navbar.php')
 3 SYSTEMPATH\View\View.php(229): CodeIgniter\View\View->CodeIgniter\View\{closure}()
 4 SYSTEMPATH\View\View.php(475): CodeIgniter\View\View->render('layouts/navbar', null, true)
 5 APPPATH\Views\agenda\calendario.php(3): CodeIgniter\View\View->include('layouts/navbar')
 6 SYSTEMPATH\View\View.php(226): include('C:\\xampp\\htdocs\\sistema\\app\\Views\\agenda\\calendario.php')
 7 SYSTEMPATH\View\View.php(229): CodeIgniter\View\View->CodeIgniter\View\{closure}()
 8 SYSTEMPATH\Common.php(1167): CodeIgniter\View\View->render('agenda/calendario', [], true)
 9 APPPATH\Controllers\AgendaController.php(322): view('agenda/calendario')
10 SYSTEMPATH\CodeIgniter.php(933): App\Controllers\AgendaController->showCalendar()
11 SYSTEMPATH\CodeIgniter.php(507): CodeIgniter\CodeIgniter->runController(Object(App\Controllers\AgendaController))
12 SYSTEMPATH\CodeIgniter.php(354): CodeIgniter\CodeIgniter->handleRequest(null, Object(Config\Cache), false)
13 SYSTEMPATH\Boot.php(363): CodeIgniter\CodeIgniter->run()
14 SYSTEMPATH\Boot.php(68): CodeIgniter\Boot::runCodeIgniter(Object(CodeIgniter\CodeIgniter))
15 FCPATH\index.php(59): CodeIgniter\Boot::bootWeb(Object(Config\Paths))
WARNING - 2026-07-09 16:16:32 --> [DEPRECATED] Creation of dynamic property App\Controllers\ServicioAutoController::$evidenciaModel is deprecated in APPPATH\Controllers\ServicioAutoController.php on line 16.
 1 SYSTEMPATH\CodeIgniter.php(903): App\Controllers\ServicioAutoController->__construct()
 2 SYSTEMPATH\CodeIgniter.php(498): CodeIgniter\CodeIgniter->createController()
 3 SYSTEMPATH\CodeIgniter.php(354): CodeIgniter\CodeIgniter->handleRequest(null, Object(Config\Cache), false)
 4 SYSTEMPATH\Boot.php(363): CodeIgniter\CodeIgniter->run()
 5 SYSTEMPATH\Boot.php(68): CodeIgniter\Boot::runCodeIgniter(Object(CodeIgniter\CodeIgniter))
 6 FCPATH\index.php(59): CodeIgniter\Boot::bootWeb(Object(Config\Paths))
WARNING - 2026-07-09 16:16:42 --> [DEPRECATED] Creation of dynamic property App\Controllers\ServicioAutoController::$evidenciaModel is deprecated in APPPATH\Controllers\ServicioAutoController.php on line 16.
 1 SYSTEMPATH\CodeIgniter.php(903): App\Controllers\ServicioAutoController->__construct()
 2 SYSTEMPATH\CodeIgniter.php(498): CodeIgniter\CodeIgniter->createController()
 3 SYSTEMPATH\CodeIgniter.php(354): CodeIgniter\CodeIgniter->handleRequest(null, Object(Config\Cache), false)
 4 SYSTEMPATH\Boot.php(363): CodeIgniter\CodeIgniter->run()
 5 SYSTEMPATH\Boot.php(68): CodeIgniter\Boot::runCodeIgniter(Object(CodeIgniter\CodeIgniter))
 6 FCPATH\index.php(59): CodeIgniter\Boot::bootWeb(Object(Config\Paths))
WARNING - 2026-07-09 16:16:42 --> [DEPRECATED] strtotime(): Passing null to parameter #1 ($datetime) of type string is deprecated in APPPATH\Views\servicios_autos\index.php on line 187.
 1 APPPATH\Views\servicios_autos\index.php(187): strtotime(null)
 2 SYSTEMPATH\View\View.php(226): include('C:\\xampp\\htdocs\\sistema\\app\\Views\\servicios_autos\\index.php')
 3 SYSTEMPATH\View\View.php(229): CodeIgniter\View\View->CodeIgniter\View\{closure}()
 4 SYSTEMPATH\Common.php(1167): CodeIgniter\View\View->render('servicios_autos/index', [], true)
 5 APPPATH\Controllers\ServicioAutoController.php(62): view('servicios_autos/index', [...])
 6 SYSTEMPATH\CodeIgniter.php(933): App\Controllers\ServicioAutoController->index()
 7 SYSTEMPATH\CodeIgniter.php(507): CodeIgniter\CodeIgniter->runController(Object(App\Controllers\ServicioAutoController))
 8 SYSTEMPATH\CodeIgniter.php(354): CodeIgniter\CodeIgniter->handleRequest(null, Object(Config\Cache), false)
 9 SYSTEMPATH\Boot.php(363): CodeIgniter\CodeIgniter->run()
10 SYSTEMPATH\Boot.php(68): CodeIgniter\Boot::runCodeIgniter(Object(CodeIgniter\CodeIgniter))
11 FCPATH\index.php(59): CodeIgniter\Boot::bootWeb(Object(Config\Paths))
WARNING - 2026-07-09 16:16:42 --> [DEPRECATED] strtotime(): Passing null to parameter #1 ($datetime) of type string is deprecated in APPPATH\Views\servicios_autos\index.php on line 187.
 1 APPPATH\Views\servicios_autos\index.php(187): strtotime(null)
 2 SYSTEMPATH\View\View.php(226): include('C:\\xampp\\htdocs\\sistema\\app\\Views\\servicios_autos\\index.php')
 3 SYSTEMPATH\View\View.php(229): CodeIgniter\View\View->CodeIgniter\View\{closure}()
 4 SYSTEMPATH\Common.php(1167): CodeIgniter\View\View->render('servicios_autos/index', [], true)
 5 APPPATH\Controllers\ServicioAutoController.php(62): view('servicios_autos/index', [...])
 6 SYSTEMPATH\CodeIgniter.php(933): App\Controllers\ServicioAutoController->index()
 7 SYSTEMPATH\CodeIgniter.php(507): CodeIgniter\CodeIgniter->runController(Object(App\Controllers\ServicioAutoController))
 8 SYSTEMPATH\CodeIgniter.php(354): CodeIgniter\CodeIgniter->handleRequest(null, Object(Config\Cache), false)
 9 SYSTEMPATH\Boot.php(363): CodeIgniter\CodeIgniter->run()
10 SYSTEMPATH\Boot.php(68): CodeIgniter\Boot::runCodeIgniter(Object(CodeIgniter\CodeIgniter))
11 FCPATH\index.php(59): CodeIgniter\Boot::bootWeb(Object(Config\Paths))
WARNING - 2026-07-09 16:16:42 --> [DEPRECATED] strtotime(): Passing null to parameter #1 ($datetime) of type string is deprecated in APPPATH\Views\servicios_autos\index.php on line 187.
 1 APPPATH\Views\servicios_autos\index.php(187): strtotime(null)
 2 SYSTEMPATH\View\View.php(226): include('C:\\xampp\\htdocs\\sistema\\app\\Views\\servicios_autos\\index.php')
 3 SYSTEMPATH\View\View.php(229): CodeIgniter\View\View->CodeIgniter\View\{closure}()
 4 SYSTEMPATH\Common.php(1167): CodeIgniter\View\View->render('servicios_autos/index', [], true)
 5 APPPATH\Controllers\ServicioAutoController.php(62): view('servicios_autos/index', [...])
 6 SYSTEMPATH\CodeIgniter.php(933): App\Controllers\ServicioAutoController->index()
 7 SYSTEMPATH\CodeIgniter.php(507): CodeIgniter\CodeIgniter->runController(Object(App\Controllers\ServicioAutoController))
 8 SYSTEMPATH\CodeIgniter.php(354): CodeIgniter\CodeIgniter->handleRequest(null, Object(Config\Cache), false)
 9 SYSTEMPATH\Boot.php(363): CodeIgniter\CodeIgniter->run()
10 SYSTEMPATH\Boot.php(68): CodeIgniter\Boot::runCodeIgniter(Object(CodeIgniter\CodeIgniter))
11 FCPATH\index.php(59): CodeIgniter\Boot::bootWeb(Object(Config\Paths))
WARNING - 2026-07-09 16:16:42 --> [DEPRECATED] strtotime(): Passing null to parameter #1 ($datetime) of type string is deprecated in APPPATH\Views\servicios_autos\index.php on line 187.
 1 APPPATH\Views\servicios_autos\index.php(187): strtotime(null)
 2 SYSTEMPATH\View\View.php(226): include('C:\\xampp\\htdocs\\sistema\\app\\Views\\servicios_autos\\index.php')
 3 SYSTEMPATH\View\View.php(229): CodeIgniter\View\View->CodeIgniter\View\{closure}()
 4 SYSTEMPATH\Common.php(1167): CodeIgniter\View\View->render('servicios_autos/index', [], true)
 5 APPPATH\Controllers\ServicioAutoController.php(62): view('servicios_autos/index', [...])
 6 SYSTEMPATH\CodeIgniter.php(933): App\Controllers\ServicioAutoController->index()
 7 SYSTEMPATH\CodeIgniter.php(507): CodeIgniter\CodeIgniter->runController(Object(App\Controllers\ServicioAutoController))
 8 SYSTEMPATH\CodeIgniter.php(354): CodeIgniter\CodeIgniter->handleRequest(null, Object(Config\Cache), false)
 9 SYSTEMPATH\Boot.php(363): CodeIgniter\CodeIgniter->run()
10 SYSTEMPATH\Boot.php(68): CodeIgniter\Boot::runCodeIgniter(Object(CodeIgniter\CodeIgniter))
11 FCPATH\index.php(59): CodeIgniter\Boot::bootWeb(Object(Config\Paths))
WARNING - 2026-07-09 16:16:42 --> [DEPRECATED] strtotime(): Passing null to parameter #1 ($datetime) of type string is deprecated in APPPATH\Views\servicios_autos\index.php on line 187.
 1 APPPATH\Views\servicios_autos\index.php(187): strtotime(null)
 2 SYSTEMPATH\View\View.php(226): include('C:\\xampp\\htdocs\\sistema\\app\\Views\\servicios_autos\\index.php')
 3 SYSTEMPATH\View\View.php(229): CodeIgniter\View\View->CodeIgniter\View\{closure}()
 4 SYSTEMPATH\Common.php(1167): CodeIgniter\View\View->render('servicios_autos/index', [], true)
 5 APPPATH\Controllers\ServicioAutoController.php(62): view('servicios_autos/index', [...])
 6 SYSTEMPATH\CodeIgniter.php(933): App\Controllers\ServicioAutoController->index()
 7 SYSTEMPATH\CodeIgniter.php(507): CodeIgniter\CodeIgniter->runController(Object(App\Controllers\ServicioAutoController))
 8 SYSTEMPATH\CodeIgniter.php(354): CodeIgniter\CodeIgniter->handleRequest(null, Object(Config\Cache), false)
 9 SYSTEMPATH\Boot.php(363): CodeIgniter\CodeIgniter->run()
10 SYSTEMPATH\Boot.php(68): CodeIgniter\Boot::runCodeIgniter(Object(CodeIgniter\CodeIgniter))
11 FCPATH\index.php(59): CodeIgniter\Boot::bootWeb(Object(Config\Paths))
WARNING - 2026-07-09 16:16:42 --> [DEPRECATED] strtotime(): Passing null to parameter #1 ($datetime) of type string is deprecated in APPPATH\Views\servicios_autos\index.php on line 187.
 1 APPPATH\Views\servicios_autos\index.php(187): strtotime(null)
 2 SYSTEMPATH\View\View.php(226): include('C:\\xampp\\htdocs\\sistema\\app\\Views\\servicios_autos\\index.php')
 3 SYSTEMPATH\View\View.php(229): CodeIgniter\View\View->CodeIgniter\View\{closure}()
 4 SYSTEMPATH\Common.php(1167): CodeIgniter\View\View->render('servicios_autos/index', [], true)
 5 APPPATH\Controllers\ServicioAutoController.php(62): view('servicios_autos/index', [...])
 6 SYSTEMPATH\CodeIgniter.php(933): App\Controllers\ServicioAutoController->index()
 7 SYSTEMPATH\CodeIgniter.php(507): CodeIgniter\CodeIgniter->runController(Object(App\Controllers\ServicioAutoController))
 8 SYSTEMPATH\CodeIgniter.php(354): CodeIgniter\CodeIgniter->handleRequest(null, Object(Config\Cache), false)
 9 SYSTEMPATH\Boot.php(363): CodeIgniter\CodeIgniter->run()
10 SYSTEMPATH\Boot.php(68): CodeIgniter\Boot::runCodeIgniter(Object(CodeIgniter\CodeIgniter))
11 FCPATH\index.php(59): CodeIgniter\Boot::bootWeb(Object(Config\Paths))
WARNING - 2026-07-09 16:16:42 --> [DEPRECATED] strtotime(): Passing null to parameter #1 ($datetime) of type string is deprecated in APPPATH\Views\servicios_autos\index.php on line 187.
 1 APPPATH\Views\servicios_autos\index.php(187): strtotime(null)
 2 SYSTEMPATH\View\View.php(226): include('C:\\xampp\\htdocs\\sistema\\app\\Views\\servicios_autos\\index.php')
 3 SYSTEMPATH\View\View.php(229): CodeIgniter\View\View->CodeIgniter\View\{closure}()
 4 SYSTEMPATH\Common.php(1167): CodeIgniter\View\View->render('servicios_autos/index', [], true)
 5 APPPATH\Controllers\ServicioAutoController.php(62): view('servicios_autos/index', [...])
 6 SYSTEMPATH\CodeIgniter.php(933): App\Controllers\ServicioAutoController->index()
 7 SYSTEMPATH\CodeIgniter.php(507): CodeIgniter\CodeIgniter->runController(Object(App\Controllers\ServicioAutoController))
 8 SYSTEMPATH\CodeIgniter.php(354): CodeIgniter\CodeIgniter->handleRequest(null, Object(Config\Cache), false)
 9 SYSTEMPATH\Boot.php(363): CodeIgniter\CodeIgniter->run()
10 SYSTEMPATH\Boot.php(68): CodeIgniter\Boot::runCodeIgniter(Object(CodeIgniter\CodeIgniter))
11 FCPATH\index.php(59): CodeIgniter\Boot::bootWeb(Object(Config\Paths))
WARNING - 2026-07-09 16:16:42 --> [DEPRECATED] strtotime(): Passing null to parameter #1 ($datetime) of type string is deprecated in APPPATH\Views\servicios_autos\index.php on line 187.
 1 APPPATH\Views\servicios_autos\index.php(187): strtotime(null)
 2 SYSTEMPATH\View\View.php(226): include('C:\\xampp\\htdocs\\sistema\\app\\Views\\servicios_autos\\index.php')
 3 SYSTEMPATH\View\View.php(229): CodeIgniter\View\View->CodeIgniter\View\{closure}()
 4 SYSTEMPATH\Common.php(1167): CodeIgniter\View\View->render('servicios_autos/index', [], true)
 5 APPPATH\Controllers\ServicioAutoController.php(62): view('servicios_autos/index', [...])
 6 SYSTEMPATH\CodeIgniter.php(933): App\Controllers\ServicioAutoController->index()
 7 SYSTEMPATH\CodeIgniter.php(507): CodeIgniter\CodeIgniter->runController(Object(App\Controllers\ServicioAutoController))
 8 SYSTEMPATH\CodeIgniter.php(354): CodeIgniter\CodeIgniter->handleRequest(null, Object(Config\Cache), false)
 9 SYSTEMPATH\Boot.php(363): CodeIgniter\CodeIgniter->run()
10 SYSTEMPATH\Boot.php(68): CodeIgniter\Boot::runCodeIgniter(Object(CodeIgniter\CodeIgniter))
11 FCPATH\index.php(59): CodeIgniter\Boot::bootWeb(Object(Config\Paths))
WARNING - 2026-07-09 16:52:14 --> [DEPRECATED] Creation of dynamic property App\Controllers\ServicioAutoController::$evidenciaModel is deprecated in APPPATH\Controllers\ServicioAutoController.php on line 16.
 1 SYSTEMPATH\CodeIgniter.php(903): App\Controllers\ServicioAutoController->__construct()
 2 SYSTEMPATH\CodeIgniter.php(498): CodeIgniter\CodeIgniter->createController()
 3 SYSTEMPATH\CodeIgniter.php(354): CodeIgniter\CodeIgniter->handleRequest(null, Object(Config\Cache), false)
 4 SYSTEMPATH\Boot.php(363): CodeIgniter\CodeIgniter->run()
 5 SYSTEMPATH\Boot.php(68): CodeIgniter\Boot::runCodeIgniter(Object(CodeIgniter\CodeIgniter))
 6 FCPATH\index.php(59): CodeIgniter\Boot::bootWeb(Object(Config\Paths))
CRITICAL - 2026-07-09 16:52:15 --> Error: Call to undefined method App\Services\AgendaNotificacionService::obtenerAgendaDeHoy()
[Method: GET, Route: servicios_autos/detalles/13]
in APPPATH\Services\AgendaNotificacionService.php on line 9.
 1 APPPATH\Services\NotificacionService.php(19): App\Services\AgendaNotificacionService->paraNavbar()
 2 APPPATH\Views\layouts\navbar.php(5): App\Services\NotificacionService->paraNavbar()
 3 SYSTEMPATH\View\View.php(226): include('C:\\xampp\\htdocs\\sistema\\app\\Views\\layouts\\navbar.php')
 4 SYSTEMPATH\View\View.php(229): CodeIgniter\View\View->CodeIgniter\View\{closure}()
 5 SYSTEMPATH\View\View.php(475): CodeIgniter\View\View->render('layouts/navbar', null, true)
 6 APPPATH\Views\servicios_autos\detalles.php(3): CodeIgniter\View\View->include('layouts/navbar')
 7 SYSTEMPATH\View\View.php(226): include('C:\\xampp\\htdocs\\sistema\\app\\Views\\servicios_autos\\detalles.php')
 8 SYSTEMPATH\View\View.php(229): CodeIgniter\View\View->CodeIgniter\View\{closure}()
 9 SYSTEMPATH\Common.php(1167): CodeIgniter\View\View->render('servicios_autos/detalles', [], true)
10 APPPATH\Controllers\ServicioAutoController.php(215): view('servicios_autos/detalles', [...])
11 SYSTEMPATH\CodeIgniter.php(933): App\Controllers\ServicioAutoController->detalles('13')
12 SYSTEMPATH\CodeIgniter.php(507): CodeIgniter\CodeIgniter->runController(Object(App\Controllers\ServicioAutoController))
13 SYSTEMPATH\CodeIgniter.php(354): CodeIgniter\CodeIgniter->handleRequest(null, Object(Config\Cache), false)
14 SYSTEMPATH\Boot.php(363): CodeIgniter\CodeIgniter->run()
15 SYSTEMPATH\Boot.php(68): CodeIgniter\Boot::runCodeIgniter(Object(CodeIgniter\CodeIgniter))
16 FCPATH\index.php(59): CodeIgniter\Boot::bootWeb(Object(Config\Paths))
CRITICAL - 2026-07-09 16:52:17 --> Error: Call to undefined method App\Services\AgendaNotificacionService::obtenerAgendaDeHoy()
[Method: GET, Route: autos]
in APPPATH\Services\AgendaNotificacionService.php on line 9.
 1 APPPATH\Services\NotificacionService.php(19): App\Services\AgendaNotificacionService->paraNavbar()
 2 APPPATH\Views\layouts\navbar.php(5): App\Services\NotificacionService->paraNavbar()
 3 SYSTEMPATH\View\View.php(226): include('C:\\xampp\\htdocs\\sistema\\app\\Views\\layouts\\navbar.php')
 4 SYSTEMPATH\View\View.php(229): CodeIgniter\View\View->CodeIgniter\View\{closure}()
 5 SYSTEMPATH\View\View.php(475): CodeIgniter\View\View->render('layouts/navbar', null, true)
 6 APPPATH\Views\autos\index.php(4): CodeIgniter\View\View->include('layouts/navbar')
 7 SYSTEMPATH\View\View.php(226): include('C:\\xampp\\htdocs\\sistema\\app\\Views\\autos\\index.php')
 8 SYSTEMPATH\View\View.php(229): CodeIgniter\View\View->CodeIgniter\View\{closure}()
 9 SYSTEMPATH\Common.php(1167): CodeIgniter\View\View->render('autos/index', [], true)
10 APPPATH\Controllers\AutoController.php(58): view('autos/index', [...])
11 SYSTEMPATH\CodeIgniter.php(933): App\Controllers\AutoController->index()
12 SYSTEMPATH\CodeIgniter.php(507): CodeIgniter\CodeIgniter->runController(Object(App\Controllers\AutoController))
13 SYSTEMPATH\CodeIgniter.php(354): CodeIgniter\CodeIgniter->handleRequest(null, Object(Config\Cache), false)
14 SYSTEMPATH\Boot.php(363): CodeIgniter\CodeIgniter->run()
15 SYSTEMPATH\Boot.php(68): CodeIgniter\Boot::runCodeIgniter(Object(CodeIgniter\CodeIgniter))
16 FCPATH\index.php(59): CodeIgniter\Boot::bootWeb(Object(Config\Paths))
CRITICAL - 2026-07-09 16:52:19 --> Error: Call to undefined method App\Services\AgendaNotificacionService::obtenerAgendaDeHoy()
[Method: GET, Route: autos/detalles/4]
in APPPATH\Services\AgendaNotificacionService.php on line 9.
 1 APPPATH\Services\NotificacionService.php(19): App\Services\AgendaNotificacionService->paraNavbar()
 2 APPPATH\Views\layouts\navbar.php(5): App\Services\NotificacionService->paraNavbar()
 3 SYSTEMPATH\View\View.php(226): include('C:\\xampp\\htdocs\\sistema\\app\\Views\\layouts\\navbar.php')
 4 SYSTEMPATH\View\View.php(229): CodeIgniter\View\View->CodeIgniter\View\{closure}()
 5 SYSTEMPATH\View\View.php(475): CodeIgniter\View\View->render('layouts/navbar', null, true)
 6 APPPATH\Views\autos\detalles.php(4): CodeIgniter\View\View->include('layouts/navbar')
 7 SYSTEMPATH\View\View.php(226): include('C:\\xampp\\htdocs\\sistema\\app\\Views\\autos\\detalles.php')
 8 SYSTEMPATH\View\View.php(229): CodeIgniter\View\View->CodeIgniter\View\{closure}()
 9 SYSTEMPATH\Common.php(1167): CodeIgniter\View\View->render('autos/detalles', [], true)
10 APPPATH\Controllers\AutoController.php(149): view('autos/detalles', [...])
11 SYSTEMPATH\CodeIgniter.php(933): App\Controllers\AutoController->detalles('4')
12 SYSTEMPATH\CodeIgniter.php(507): CodeIgniter\CodeIgniter->runController(Object(App\Controllers\AutoController))
13 SYSTEMPATH\CodeIgniter.php(354): CodeIgniter\CodeIgniter->handleRequest(null, Object(Config\Cache), false)
14 SYSTEMPATH\Boot.php(363): CodeIgniter\CodeIgniter->run()
15 SYSTEMPATH\Boot.php(68): CodeIgniter\Boot::runCodeIgniter(Object(CodeIgniter\CodeIgniter))
16 FCPATH\index.php(59): CodeIgniter\Boot::bootWeb(Object(Config\Paths))
CRITICAL - 2026-07-09 16:52:21 --> Error: Call to undefined method App\Services\AgendaNotificacionService::obtenerAgendaDeHoy()
[Method: GET, Route: autos]
in APPPATH\Services\AgendaNotificacionService.php on line 9.
 1 APPPATH\Services\NotificacionService.php(19): App\Services\AgendaNotificacionService->paraNavbar()
 2 APPPATH\Views\layouts\navbar.php(5): App\Services\NotificacionService->paraNavbar()
 3 SYSTEMPATH\View\View.php(226): include('C:\\xampp\\htdocs\\sistema\\app\\Views\\layouts\\navbar.php')
 4 SYSTEMPATH\View\View.php(229): CodeIgniter\View\View->CodeIgniter\View\{closure}()
 5 SYSTEMPATH\View\View.php(475): CodeIgniter\View\View->render('layouts/navbar', null, true)
 6 APPPATH\Views\autos\index.php(4): CodeIgniter\View\View->include('layouts/navbar')
 7 SYSTEMPATH\View\View.php(226): include('C:\\xampp\\htdocs\\sistema\\app\\Views\\autos\\index.php')
 8 SYSTEMPATH\View\View.php(229): CodeIgniter\View\View->CodeIgniter\View\{closure}()
 9 SYSTEMPATH\Common.php(1167): CodeIgniter\View\View->render('autos/index', [], true)
10 APPPATH\Controllers\AutoController.php(58): view('autos/index', [...])
11 SYSTEMPATH\CodeIgniter.php(933): App\Controllers\AutoController->index()
12 SYSTEMPATH\CodeIgniter.php(507): CodeIgniter\CodeIgniter->runController(Object(App\Controllers\AutoController))
13 SYSTEMPATH\CodeIgniter.php(354): CodeIgniter\CodeIgniter->handleRequest(null, Object(Config\Cache), false)
14 SYSTEMPATH\Boot.php(363): CodeIgniter\CodeIgniter->run()
15 SYSTEMPATH\Boot.php(68): CodeIgniter\Boot::runCodeIgniter(Object(CodeIgniter\CodeIgniter))
16 FCPATH\index.php(59): CodeIgniter\Boot::bootWeb(Object(Config\Paths))
CRITICAL - 2026-07-09 16:52:24 --> Error: Call to undefined method App\Services\AgendaNotificacionService::obtenerAgendaDeHoy()
[Method: GET, Route: autos]
in APPPATH\Services\AgendaNotificacionService.php on line 9.
 1 APPPATH\Services\NotificacionService.php(19): App\Services\AgendaNotificacionService->paraNavbar()
 2 APPPATH\Views\layouts\navbar.php(5): App\Services\NotificacionService->paraNavbar()
 3 SYSTEMPATH\View\View.php(226): include('C:\\xampp\\htdocs\\sistema\\app\\Views\\layouts\\navbar.php')
 4 SYSTEMPATH\View\View.php(229): CodeIgniter\View\View->CodeIgniter\View\{closure}()
 5 SYSTEMPATH\View\View.php(475): CodeIgniter\View\View->render('layouts/navbar', null, true)
 6 APPPATH\Views\autos\index.php(4): CodeIgniter\View\View->include('layouts/navbar')
 7 SYSTEMPATH\View\View.php(226): include('C:\\xampp\\htdocs\\sistema\\app\\Views\\autos\\index.php')
 8 SYSTEMPATH\View\View.php(229): CodeIgniter\View\View->CodeIgniter\View\{closure}()
 9 SYSTEMPATH\Common.php(1167): CodeIgniter\View\View->render('autos/index', [], true)
10 APPPATH\Controllers\AutoController.php(58): view('autos/index', [...])
11 SYSTEMPATH\CodeIgniter.php(933): App\Controllers\AutoController->index()
12 SYSTEMPATH\CodeIgniter.php(507): CodeIgniter\CodeIgniter->runController(Object(App\Controllers\AutoController))
13 SYSTEMPATH\CodeIgniter.php(354): CodeIgniter\CodeIgniter->handleRequest(null, Object(Config\Cache), false)
14 SYSTEMPATH\Boot.php(363): CodeIgniter\CodeIgniter->run()
15 SYSTEMPATH\Boot.php(68): CodeIgniter\Boot::runCodeIgniter(Object(CodeIgniter\CodeIgniter))
16 FCPATH\index.php(59): CodeIgniter\Boot::bootWeb(Object(Config\Paths))
CRITICAL - 2026-07-09 16:52:49 --> Error: Call to undefined method App\Services\AgendaNotificacionService::obtenerAgendaDeHoy()
[Method: GET, Route: calendario]
in APPPATH\Services\AgendaNotificacionService.php on line 9.
 1 APPPATH\Services\NotificacionService.php(19): App\Services\AgendaNotificacionService->paraNavbar()
 2 APPPATH\Views\layouts\navbar.php(5): App\Services\NotificacionService->paraNavbar()
 3 SYSTEMPATH\View\View.php(226): include('C:\\xampp\\htdocs\\sistema\\app\\Views\\layouts\\navbar.php')
 4 SYSTEMPATH\View\View.php(229): CodeIgniter\View\View->CodeIgniter\View\{closure}()
 5 SYSTEMPATH\View\View.php(475): CodeIgniter\View\View->render('layouts/navbar', null, true)
 6 APPPATH\Views\agenda\calendario.php(3): CodeIgniter\View\View->include('layouts/navbar')
 7 SYSTEMPATH\View\View.php(226): include('C:\\xampp\\htdocs\\sistema\\app\\Views\\agenda\\calendario.php')
 8 SYSTEMPATH\View\View.php(229): CodeIgniter\View\View->CodeIgniter\View\{closure}()
 9 SYSTEMPATH\Common.php(1167): CodeIgniter\View\View->render('agenda/calendario', [], true)
10 APPPATH\Controllers\AgendaController.php(322): view('agenda/calendario')
11 SYSTEMPATH\CodeIgniter.php(933): App\Controllers\AgendaController->showCalendar()
12 SYSTEMPATH\CodeIgniter.php(507): CodeIgniter\CodeIgniter->runController(Object(App\Controllers\AgendaController))
13 SYSTEMPATH\CodeIgniter.php(354): CodeIgniter\CodeIgniter->handleRequest(null, Object(Config\Cache), false)
14 SYSTEMPATH\Boot.php(363): CodeIgniter\CodeIgniter->run()
15 SYSTEMPATH\Boot.php(68): CodeIgniter\Boot::runCodeIgniter(Object(CodeIgniter\CodeIgniter))
16 FCPATH\index.php(59): CodeIgniter\Boot::bootWeb(Object(Config\Paths))
CRITICAL - 2026-07-09 16:54:07 --> Error: Call to undefined method App\Services\AgendaNotificacionService::obtenerAgendaDeHoy()
[Method: GET, Route: agenda]
in APPPATH\Services\AgendaNotificacionService.php on line 9.
 1 APPPATH\Services\NotificacionService.php(19): App\Services\AgendaNotificacionService->paraNavbar()
 2 APPPATH\Views\layouts\navbar.php(5): App\Services\NotificacionService->paraNavbar()
 3 SYSTEMPATH\View\View.php(226): include('C:\\xampp\\htdocs\\sistema\\app\\Views\\layouts\\navbar.php')
 4 SYSTEMPATH\View\View.php(229): CodeIgniter\View\View->CodeIgniter\View\{closure}()
 5 SYSTEMPATH\View\View.php(475): CodeIgniter\View\View->render('layouts/navbar', null, true)
 6 APPPATH\Views\agenda\listarAgenda.php(3): CodeIgniter\View\View->include('layouts/navbar')
 7 SYSTEMPATH\View\View.php(226): include('C:\\xampp\\htdocs\\sistema\\app\\Views\\agenda\\listarAgenda.php')
 8 SYSTEMPATH\View\View.php(229): CodeIgniter\View\View->CodeIgniter\View\{closure}()
 9 SYSTEMPATH\Common.php(1167): CodeIgniter\View\View->render('agenda/listarAgenda', [], true)
10 APPPATH\Controllers\AgendaController.php(309): view('agenda/listarAgenda', [...])
11 SYSTEMPATH\CodeIgniter.php(933): App\Controllers\AgendaController->listarAgenda()
12 SYSTEMPATH\CodeIgniter.php(507): CodeIgniter\CodeIgniter->runController(Object(App\Controllers\AgendaController))
13 SYSTEMPATH\CodeIgniter.php(354): CodeIgniter\CodeIgniter->handleRequest(null, Object(Config\Cache), false)
14 SYSTEMPATH\Boot.php(363): CodeIgniter\CodeIgniter->run()
15 SYSTEMPATH\Boot.php(68): CodeIgniter\Boot::runCodeIgniter(Object(CodeIgniter\CodeIgniter))
16 FCPATH\index.php(59): CodeIgniter\Boot::bootWeb(Object(Config\Paths))
CRITICAL - 2026-07-09 16:54:38 --> ErrorException: Undefined property: App\Services\AgendaNotificacionService::$contarParaNavbar
[Method: GET, Route: agenda]
in APPPATH\Services\NotificacionService.php on line 43.
 1 APPPATH\Services\NotificacionService.php(43): CodeIgniter\Debug\Exceptions->errorHandler(2, 'Undefined property: App\\Services\\AgendaNotificacionService::$contarParaNavbar', 'C:\\xampp\\htdocs\\sistema\\app\\Services\\NotificacionService.php', 43)
 2 APPPATH\Views\layouts\navbar.php(7): App\Services\NotificacionService->contarParaNavbar()
 3 SYSTEMPATH\View\View.php(226): include('C:\\xampp\\htdocs\\sistema\\app\\Views\\layouts\\navbar.php')
 4 SYSTEMPATH\View\View.php(229): CodeIgniter\View\View->CodeIgniter\View\{closure}()
 5 SYSTEMPATH\View\View.php(475): CodeIgniter\View\View->render('layouts/navbar', null, true)
 6 APPPATH\Views\agenda\listarAgenda.php(3): CodeIgniter\View\View->include('layouts/navbar')
 7 SYSTEMPATH\View\View.php(226): include('C:\\xampp\\htdocs\\sistema\\app\\Views\\agenda\\listarAgenda.php')
 8 SYSTEMPATH\View\View.php(229): CodeIgniter\View\View->CodeIgniter\View\{closure}()
 9 SYSTEMPATH\Common.php(1167): CodeIgniter\View\View->render('agenda/listarAgenda', [], true)
10 APPPATH\Controllers\AgendaController.php(309): view('agenda/listarAgenda', [...])
11 SYSTEMPATH\CodeIgniter.php(933): App\Controllers\AgendaController->listarAgenda()
12 SYSTEMPATH\CodeIgniter.php(507): CodeIgniter\CodeIgniter->runController(Object(App\Controllers\AgendaController))
13 SYSTEMPATH\CodeIgniter.php(354): CodeIgniter\CodeIgniter->handleRequest(null, Object(Config\Cache), false)
14 SYSTEMPATH\Boot.php(363): CodeIgniter\CodeIgniter->run()
15 SYSTEMPATH\Boot.php(68): CodeIgniter\Boot::runCodeIgniter(Object(CodeIgniter\CodeIgniter))
16 FCPATH\index.php(59): CodeIgniter\Boot::bootWeb(Object(Config\Paths))
WARNING - 2026-07-09 16:59:16 --> [DEPRECATED] Creation of dynamic property App\Controllers\ServicioAutoController::$evidenciaModel is deprecated in APPPATH\Controllers\ServicioAutoController.php on line 16.
 1 SYSTEMPATH\CodeIgniter.php(903): App\Controllers\ServicioAutoController->__construct()
 2 SYSTEMPATH\CodeIgniter.php(498): CodeIgniter\CodeIgniter->createController()
 3 SYSTEMPATH\CodeIgniter.php(354): CodeIgniter\CodeIgniter->handleRequest(null, Object(Config\Cache), false)
 4 SYSTEMPATH\Boot.php(363): CodeIgniter\CodeIgniter->run()
 5 SYSTEMPATH\Boot.php(68): CodeIgniter\Boot::runCodeIgniter(Object(CodeIgniter\CodeIgniter))
 6 FCPATH\index.php(59): CodeIgniter\Boot::bootWeb(Object(Config\Paths))
WARNING - 2026-07-09 16:59:41 --> [DEPRECATED] Creation of dynamic property App\Controllers\ServicioAutoController::$evidenciaModel is deprecated in APPPATH\Controllers\ServicioAutoController.php on line 16.
 1 SYSTEMPATH\CodeIgniter.php(903): App\Controllers\ServicioAutoController->__construct()
 2 SYSTEMPATH\CodeIgniter.php(498): CodeIgniter\CodeIgniter->createController()
 3 SYSTEMPATH\CodeIgniter.php(354): CodeIgniter\CodeIgniter->handleRequest(null, Object(Config\Cache), false)
 4 SYSTEMPATH\Boot.php(363): CodeIgniter\CodeIgniter->run()
 5 SYSTEMPATH\Boot.php(68): CodeIgniter\Boot::runCodeIgniter(Object(CodeIgniter\CodeIgniter))
 6 FCPATH\index.php(59): CodeIgniter\Boot::bootWeb(Object(Config\Paths))
WARNING - 2026-07-09 16:59:46 --> [DEPRECATED] Creation of dynamic property App\Controllers\ServicioAutoController::$evidenciaModel is deprecated in APPPATH\Controllers\ServicioAutoController.php on line 16.
 1 SYSTEMPATH\CodeIgniter.php(903): App\Controllers\ServicioAutoController->__construct()
 2 SYSTEMPATH\CodeIgniter.php(498): CodeIgniter\CodeIgniter->createController()
 3 SYSTEMPATH\CodeIgniter.php(354): CodeIgniter\CodeIgniter->handleRequest(null, Object(Config\Cache), false)
 4 SYSTEMPATH\Boot.php(363): CodeIgniter\CodeIgniter->run()
 5 SYSTEMPATH\Boot.php(68): CodeIgniter\Boot::runCodeIgniter(Object(CodeIgniter\CodeIgniter))
 6 FCPATH\index.php(59): CodeIgniter\Boot::bootWeb(Object(Config\Paths))
WARNING - 2026-07-09 16:59:50 --> [DEPRECATED] Creation of dynamic property App\Controllers\ServicioAutoController::$evidenciaModel is deprecated in APPPATH\Controllers\ServicioAutoController.php on line 16.
 1 SYSTEMPATH\CodeIgniter.php(903): App\Controllers\ServicioAutoController->__construct()
 2 SYSTEMPATH\CodeIgniter.php(498): CodeIgniter\CodeIgniter->createController()
 3 SYSTEMPATH\CodeIgniter.php(354): CodeIgniter\CodeIgniter->handleRequest(null, Object(Config\Cache), false)
 4 SYSTEMPATH\Boot.php(363): CodeIgniter\CodeIgniter->run()
 5 SYSTEMPATH\Boot.php(68): CodeIgniter\Boot::runCodeIgniter(Object(CodeIgniter\CodeIgniter))
 6 FCPATH\index.php(59): CodeIgniter\Boot::bootWeb(Object(Config\Paths))
WARNING - 2026-07-09 16:59:50 --> [DEPRECATED] strtotime(): Passing null to parameter #1 ($datetime) of type string is deprecated in APPPATH\Views\servicios_autos\index.php on line 187.
 1 APPPATH\Views\servicios_autos\index.php(187): strtotime(null)
 2 SYSTEMPATH\View\View.php(226): include('C:\\xampp\\htdocs\\sistema\\app\\Views\\servicios_autos\\index.php')
 3 SYSTEMPATH\View\View.php(229): CodeIgniter\View\View->CodeIgniter\View\{closure}()
 4 SYSTEMPATH\Common.php(1167): CodeIgniter\View\View->render('servicios_autos/index', [], true)
 5 APPPATH\Controllers\ServicioAutoController.php(62): view('servicios_autos/index', [...])
 6 SYSTEMPATH\CodeIgniter.php(933): App\Controllers\ServicioAutoController->index()
 7 SYSTEMPATH\CodeIgniter.php(507): CodeIgniter\CodeIgniter->runController(Object(App\Controllers\ServicioAutoController))
 8 SYSTEMPATH\CodeIgniter.php(354): CodeIgniter\CodeIgniter->handleRequest(null, Object(Config\Cache), false)
 9 SYSTEMPATH\Boot.php(363): CodeIgniter\CodeIgniter->run()
10 SYSTEMPATH\Boot.php(68): CodeIgniter\Boot::runCodeIgniter(Object(CodeIgniter\CodeIgniter))
11 FCPATH\index.php(59): CodeIgniter\Boot::bootWeb(Object(Config\Paths))
WARNING - 2026-07-09 16:59:50 --> [DEPRECATED] strtotime(): Passing null to parameter #1 ($datetime) of type string is deprecated in APPPATH\Views\servicios_autos\index.php on line 187.
 1 APPPATH\Views\servicios_autos\index.php(187): strtotime(null)
 2 SYSTEMPATH\View\View.php(226): include('C:\\xampp\\htdocs\\sistema\\app\\Views\\servicios_autos\\index.php')
 3 SYSTEMPATH\View\View.php(229): CodeIgniter\View\View->CodeIgniter\View\{closure}()
 4 SYSTEMPATH\Common.php(1167): CodeIgniter\View\View->render('servicios_autos/index', [], true)
 5 APPPATH\Controllers\ServicioAutoController.php(62): view('servicios_autos/index', [...])
 6 SYSTEMPATH\CodeIgniter.php(933): App\Controllers\ServicioAutoController->index()
 7 SYSTEMPATH\CodeIgniter.php(507): CodeIgniter\CodeIgniter->runController(Object(App\Controllers\ServicioAutoController))
 8 SYSTEMPATH\CodeIgniter.php(354): CodeIgniter\CodeIgniter->handleRequest(null, Object(Config\Cache), false)
 9 SYSTEMPATH\Boot.php(363): CodeIgniter\CodeIgniter->run()
10 SYSTEMPATH\Boot.php(68): CodeIgniter\Boot::runCodeIgniter(Object(CodeIgniter\CodeIgniter))
11 FCPATH\index.php(59): CodeIgniter\Boot::bootWeb(Object(Config\Paths))
WARNING - 2026-07-09 16:59:50 --> [DEPRECATED] strtotime(): Passing null to parameter #1 ($datetime) of type string is deprecated in APPPATH\Views\servicios_autos\index.php on line 187.
 1 APPPATH\Views\servicios_autos\index.php(187): strtotime(null)
 2 SYSTEMPATH\View\View.php(226): include('C:\\xampp\\htdocs\\sistema\\app\\Views\\servicios_autos\\index.php')
 3 SYSTEMPATH\View\View.php(229): CodeIgniter\View\View->CodeIgniter\View\{closure}()
 4 SYSTEMPATH\Common.php(1167): CodeIgniter\View\View->render('servicios_autos/index', [], true)
 5 APPPATH\Controllers\ServicioAutoController.php(62): view('servicios_autos/index', [...])
 6 SYSTEMPATH\CodeIgniter.php(933): App\Controllers\ServicioAutoController->index()
 7 SYSTEMPATH\CodeIgniter.php(507): CodeIgniter\CodeIgniter->runController(Object(App\Controllers\ServicioAutoController))
 8 SYSTEMPATH\CodeIgniter.php(354): CodeIgniter\CodeIgniter->handleRequest(null, Object(Config\Cache), false)
 9 SYSTEMPATH\Boot.php(363): CodeIgniter\CodeIgniter->run()
10 SYSTEMPATH\Boot.php(68): CodeIgniter\Boot::runCodeIgniter(Object(CodeIgniter\CodeIgniter))
11 FCPATH\index.php(59): CodeIgniter\Boot::bootWeb(Object(Config\Paths))
WARNING - 2026-07-09 16:59:50 --> [DEPRECATED] strtotime(): Passing null to parameter #1 ($datetime) of type string is deprecated in APPPATH\Views\servicios_autos\index.php on line 187.
 1 APPPATH\Views\servicios_autos\index.php(187): strtotime(null)
 2 SYSTEMPATH\View\View.php(226): include('C:\\xampp\\htdocs\\sistema\\app\\Views\\servicios_autos\\index.php')
 3 SYSTEMPATH\View\View.php(229): CodeIgniter\View\View->CodeIgniter\View\{closure}()
 4 SYSTEMPATH\Common.php(1167): CodeIgniter\View\View->render('servicios_autos/index', [], true)
 5 APPPATH\Controllers\ServicioAutoController.php(62): view('servicios_autos/index', [...])
 6 SYSTEMPATH\CodeIgniter.php(933): App\Controllers\ServicioAutoController->index()
 7 SYSTEMPATH\CodeIgniter.php(507): CodeIgniter\CodeIgniter->runController(Object(App\Controllers\ServicioAutoController))
 8 SYSTEMPATH\CodeIgniter.php(354): CodeIgniter\CodeIgniter->handleRequest(null, Object(Config\Cache), false)
 9 SYSTEMPATH\Boot.php(363): CodeIgniter\CodeIgniter->run()
10 SYSTEMPATH\Boot.php(68): CodeIgniter\Boot::runCodeIgniter(Object(CodeIgniter\CodeIgniter))
11 FCPATH\index.php(59): CodeIgniter\Boot::bootWeb(Object(Config\Paths))
WARNING - 2026-07-09 16:59:50 --> [DEPRECATED] strtotime(): Passing null to parameter #1 ($datetime) of type string is deprecated in APPPATH\Views\servicios_autos\index.php on line 187.
 1 APPPATH\Views\servicios_autos\index.php(187): strtotime(null)
 2 SYSTEMPATH\View\View.php(226): include('C:\\xampp\\htdocs\\sistema\\app\\Views\\servicios_autos\\index.php')
 3 SYSTEMPATH\View\View.php(229): CodeIgniter\View\View->CodeIgniter\View\{closure}()
 4 SYSTEMPATH\Common.php(1167): CodeIgniter\View\View->render('servicios_autos/index', [], true)
 5 APPPATH\Controllers\ServicioAutoController.php(62): view('servicios_autos/index', [...])
 6 SYSTEMPATH\CodeIgniter.php(933): App\Controllers\ServicioAutoController->index()
 7 SYSTEMPATH\CodeIgniter.php(507): CodeIgniter\CodeIgniter->runController(Object(App\Controllers\ServicioAutoController))
 8 SYSTEMPATH\CodeIgniter.php(354): CodeIgniter\CodeIgniter->handleRequest(null, Object(Config\Cache), false)
 9 SYSTEMPATH\Boot.php(363): CodeIgniter\CodeIgniter->run()
10 SYSTEMPATH\Boot.php(68): CodeIgniter\Boot::runCodeIgniter(Object(CodeIgniter\CodeIgniter))
11 FCPATH\index.php(59): CodeIgniter\Boot::bootWeb(Object(Config\Paths))
WARNING - 2026-07-09 16:59:50 --> [DEPRECATED] strtotime(): Passing null to parameter #1 ($datetime) of type string is deprecated in APPPATH\Views\servicios_autos\index.php on line 187.
 1 APPPATH\Views\servicios_autos\index.php(187): strtotime(null)
 2 SYSTEMPATH\View\View.php(226): include('C:\\xampp\\htdocs\\sistema\\app\\Views\\servicios_autos\\index.php')
 3 SYSTEMPATH\View\View.php(229): CodeIgniter\View\View->CodeIgniter\View\{closure}()
 4 SYSTEMPATH\Common.php(1167): CodeIgniter\View\View->render('servicios_autos/index', [], true)
 5 APPPATH\Controllers\ServicioAutoController.php(62): view('servicios_autos/index', [...])
 6 SYSTEMPATH\CodeIgniter.php(933): App\Controllers\ServicioAutoController->index()
 7 SYSTEMPATH\CodeIgniter.php(507): CodeIgniter\CodeIgniter->runController(Object(App\Controllers\ServicioAutoController))
 8 SYSTEMPATH\CodeIgniter.php(354): CodeIgniter\CodeIgniter->handleRequest(null, Object(Config\Cache), false)
 9 SYSTEMPATH\Boot.php(363): CodeIgniter\CodeIgniter->run()
10 SYSTEMPATH\Boot.php(68): CodeIgniter\Boot::runCodeIgniter(Object(CodeIgniter\CodeIgniter))
11 FCPATH\index.php(59): CodeIgniter\Boot::bootWeb(Object(Config\Paths))
WARNING - 2026-07-09 16:59:50 --> [DEPRECATED] strtotime(): Passing null to parameter #1 ($datetime) of type string is deprecated in APPPATH\Views\servicios_autos\index.php on line 187.
 1 APPPATH\Views\servicios_autos\index.php(187): strtotime(null)
 2 SYSTEMPATH\View\View.php(226): include('C:\\xampp\\htdocs\\sistema\\app\\Views\\servicios_autos\\index.php')
 3 SYSTEMPATH\View\View.php(229): CodeIgniter\View\View->CodeIgniter\View\{closure}()
 4 SYSTEMPATH\Common.php(1167): CodeIgniter\View\View->render('servicios_autos/index', [], true)
 5 APPPATH\Controllers\ServicioAutoController.php(62): view('servicios_autos/index', [...])
 6 SYSTEMPATH\CodeIgniter.php(933): App\Controllers\ServicioAutoController->index()
 7 SYSTEMPATH\CodeIgniter.php(507): CodeIgniter\CodeIgniter->runController(Object(App\Controllers\ServicioAutoController))
 8 SYSTEMPATH\CodeIgniter.php(354): CodeIgniter\CodeIgniter->handleRequest(null, Object(Config\Cache), false)
 9 SYSTEMPATH\Boot.php(363): CodeIgniter\CodeIgniter->run()
10 SYSTEMPATH\Boot.php(68): CodeIgniter\Boot::runCodeIgniter(Object(CodeIgniter\CodeIgniter))
11 FCPATH\index.php(59): CodeIgniter\Boot::bootWeb(Object(Config\Paths))
WARNING - 2026-07-09 16:59:50 --> [DEPRECATED] strtotime(): Passing null to parameter #1 ($datetime) of type string is deprecated in APPPATH\Views\servicios_autos\index.php on line 187.
 1 APPPATH\Views\servicios_autos\index.php(187): strtotime(null)
 2 SYSTEMPATH\View\View.php(226): include('C:\\xampp\\htdocs\\sistema\\app\\Views\\servicios_autos\\index.php')
 3 SYSTEMPATH\View\View.php(229): CodeIgniter\View\View->CodeIgniter\View\{closure}()
 4 SYSTEMPATH\Common.php(1167): CodeIgniter\View\View->render('servicios_autos/index', [], true)
 5 APPPATH\Controllers\ServicioAutoController.php(62): view('servicios_autos/index', [...])
 6 SYSTEMPATH\CodeIgniter.php(933): App\Controllers\ServicioAutoController->index()
 7 SYSTEMPATH\CodeIgniter.php(507): CodeIgniter\CodeIgniter->runController(Object(App\Controllers\ServicioAutoController))
 8 SYSTEMPATH\CodeIgniter.php(354): CodeIgniter\CodeIgniter->handleRequest(null, Object(Config\Cache), false)
 9 SYSTEMPATH\Boot.php(363): CodeIgniter\CodeIgniter->run()
10 SYSTEMPATH\Boot.php(68): CodeIgniter\Boot::runCodeIgniter(Object(CodeIgniter\CodeIgniter))
11 FCPATH\index.php(59): CodeIgniter\Boot::bootWeb(Object(Config\Paths))
WARNING - 2026-07-09 16:59:55 --> [DEPRECATED] Creation of dynamic property App\Controllers\ServicioAutoController::$evidenciaModel is deprecated in APPPATH\Controllers\ServicioAutoController.php on line 16.
 1 SYSTEMPATH\CodeIgniter.php(903): App\Controllers\ServicioAutoController->__construct()
 2 SYSTEMPATH\CodeIgniter.php(498): CodeIgniter\CodeIgniter->createController()
 3 SYSTEMPATH\CodeIgniter.php(354): CodeIgniter\CodeIgniter->handleRequest(null, Object(Config\Cache), false)
 4 SYSTEMPATH\Boot.php(363): CodeIgniter\CodeIgniter->run()
 5 SYSTEMPATH\Boot.php(68): CodeIgniter\Boot::runCodeIgniter(Object(CodeIgniter\CodeIgniter))
 6 FCPATH\index.php(59): CodeIgniter\Boot::bootWeb(Object(Config\Paths))
WARNING - 2026-07-09 16:59:58 --> [DEPRECATED] Creation of dynamic property App\Controllers\ServicioAutoController::$evidenciaModel is deprecated in APPPATH\Controllers\ServicioAutoController.php on line 16.
 1 SYSTEMPATH\CodeIgniter.php(903): App\Controllers\ServicioAutoController->__construct()
 2 SYSTEMPATH\CodeIgniter.php(498): CodeIgniter\CodeIgniter->createController()
 3 SYSTEMPATH\CodeIgniter.php(354): CodeIgniter\CodeIgniter->handleRequest(null, Object(Config\Cache), false)
 4 SYSTEMPATH\Boot.php(363): CodeIgniter\CodeIgniter->run()
 5 SYSTEMPATH\Boot.php(68): CodeIgniter\Boot::runCodeIgniter(Object(CodeIgniter\CodeIgniter))
 6 FCPATH\index.php(59): CodeIgniter\Boot::bootWeb(Object(Config\Paths))
WARNING - 2026-07-09 16:59:58 --> [DEPRECATED] strtotime(): Passing null to parameter #1 ($datetime) of type string is deprecated in APPPATH\Views\servicios_autos\index.php on line 187.
 1 APPPATH\Views\servicios_autos\index.php(187): strtotime(null)
 2 SYSTEMPATH\View\View.php(226): include('C:\\xampp\\htdocs\\sistema\\app\\Views\\servicios_autos\\index.php')
 3 SYSTEMPATH\View\View.php(229): CodeIgniter\View\View->CodeIgniter\View\{closure}()
 4 SYSTEMPATH\Common.php(1167): CodeIgniter\View\View->render('servicios_autos/index', [], true)
 5 APPPATH\Controllers\ServicioAutoController.php(62): view('servicios_autos/index', [...])
 6 SYSTEMPATH\CodeIgniter.php(933): App\Controllers\ServicioAutoController->index()
 7 SYSTEMPATH\CodeIgniter.php(507): CodeIgniter\CodeIgniter->runController(Object(App\Controllers\ServicioAutoController))
 8 SYSTEMPATH\CodeIgniter.php(354): CodeIgniter\CodeIgniter->handleRequest(null, Object(Config\Cache), false)
 9 SYSTEMPATH\Boot.php(363): CodeIgniter\CodeIgniter->run()
10 SYSTEMPATH\Boot.php(68): CodeIgniter\Boot::runCodeIgniter(Object(CodeIgniter\CodeIgniter))
11 FCPATH\index.php(59): CodeIgniter\Boot::bootWeb(Object(Config\Paths))
WARNING - 2026-07-09 16:59:58 --> [DEPRECATED] strtotime(): Passing null to parameter #1 ($datetime) of type string is deprecated in APPPATH\Views\servicios_autos\index.php on line 187.
 1 APPPATH\Views\servicios_autos\index.php(187): strtotime(null)
 2 SYSTEMPATH\View\View.php(226): include('C:\\xampp\\htdocs\\sistema\\app\\Views\\servicios_autos\\index.php')
 3 SYSTEMPATH\View\View.php(229): CodeIgniter\View\View->CodeIgniter\View\{closure}()
 4 SYSTEMPATH\Common.php(1167): CodeIgniter\View\View->render('servicios_autos/index', [], true)
 5 APPPATH\Controllers\ServicioAutoController.php(62): view('servicios_autos/index', [...])
 6 SYSTEMPATH\CodeIgniter.php(933): App\Controllers\ServicioAutoController->index()
 7 SYSTEMPATH\CodeIgniter.php(507): CodeIgniter\CodeIgniter->runController(Object(App\Controllers\ServicioAutoController))
 8 SYSTEMPATH\CodeIgniter.php(354): CodeIgniter\CodeIgniter->handleRequest(null, Object(Config\Cache), false)
 9 SYSTEMPATH\Boot.php(363): CodeIgniter\CodeIgniter->run()
10 SYSTEMPATH\Boot.php(68): CodeIgniter\Boot::runCodeIgniter(Object(CodeIgniter\CodeIgniter))
11 FCPATH\index.php(59): CodeIgniter\Boot::bootWeb(Object(Config\Paths))
WARNING - 2026-07-09 16:59:58 --> [DEPRECATED] strtotime(): Passing null to parameter #1 ($datetime) of type string is deprecated in APPPATH\Views\servicios_autos\index.php on line 187.
 1 APPPATH\Views\servicios_autos\index.php(187): strtotime(null)
 2 SYSTEMPATH\View\View.php(226): include('C:\\xampp\\htdocs\\sistema\\app\\Views\\servicios_autos\\index.php')
 3 SYSTEMPATH\View\View.php(229): CodeIgniter\View\View->CodeIgniter\View\{closure}()
 4 SYSTEMPATH\Common.php(1167): CodeIgniter\View\View->render('servicios_autos/index', [], true)
 5 APPPATH\Controllers\ServicioAutoController.php(62): view('servicios_autos/index', [...])
 6 SYSTEMPATH\CodeIgniter.php(933): App\Controllers\ServicioAutoController->index()
 7 SYSTEMPATH\CodeIgniter.php(507): CodeIgniter\CodeIgniter->runController(Object(App\Controllers\ServicioAutoController))
 8 SYSTEMPATH\CodeIgniter.php(354): CodeIgniter\CodeIgniter->handleRequest(null, Object(Config\Cache), false)
 9 SYSTEMPATH\Boot.php(363): CodeIgniter\CodeIgniter->run()
10 SYSTEMPATH\Boot.php(68): CodeIgniter\Boot::runCodeIgniter(Object(CodeIgniter\CodeIgniter))
11 FCPATH\index.php(59): CodeIgniter\Boot::bootWeb(Object(Config\Paths))
WARNING - 2026-07-09 16:59:58 --> [DEPRECATED] strtotime(): Passing null to parameter #1 ($datetime) of type string is deprecated in APPPATH\Views\servicios_autos\index.php on line 187.
 1 APPPATH\Views\servicios_autos\index.php(187): strtotime(null)
 2 SYSTEMPATH\View\View.php(226): include('C:\\xampp\\htdocs\\sistema\\app\\Views\\servicios_autos\\index.php')
 3 SYSTEMPATH\View\View.php(229): CodeIgniter\View\View->CodeIgniter\View\{closure}()
 4 SYSTEMPATH\Common.php(1167): CodeIgniter\View\View->render('servicios_autos/index', [], true)
 5 APPPATH\Controllers\ServicioAutoController.php(62): view('servicios_autos/index', [...])
 6 SYSTEMPATH\CodeIgniter.php(933): App\Controllers\ServicioAutoController->index()
 7 SYSTEMPATH\CodeIgniter.php(507): CodeIgniter\CodeIgniter->runController(Object(App\Controllers\ServicioAutoController))
 8 SYSTEMPATH\CodeIgniter.php(354): CodeIgniter\CodeIgniter->handleRequest(null, Object(Config\Cache), false)
 9 SYSTEMPATH\Boot.php(363): CodeIgniter\CodeIgniter->run()
10 SYSTEMPATH\Boot.php(68): CodeIgniter\Boot::runCodeIgniter(Object(CodeIgniter\CodeIgniter))
11 FCPATH\index.php(59): CodeIgniter\Boot::bootWeb(Object(Config\Paths))
WARNING - 2026-07-09 16:59:58 --> [DEPRECATED] strtotime(): Passing null to parameter #1 ($datetime) of type string is deprecated in APPPATH\Views\servicios_autos\index.php on line 187.
 1 APPPATH\Views\servicios_autos\index.php(187): strtotime(null)
 2 SYSTEMPATH\View\View.php(226): include('C:\\xampp\\htdocs\\sistema\\app\\Views\\servicios_autos\\index.php')
 3 SYSTEMPATH\View\View.php(229): CodeIgniter\View\View->CodeIgniter\View\{closure}()
 4 SYSTEMPATH\Common.php(1167): CodeIgniter\View\View->render('servicios_autos/index', [], true)
 5 APPPATH\Controllers\ServicioAutoController.php(62): view('servicios_autos/index', [...])
 6 SYSTEMPATH\CodeIgniter.php(933): App\Controllers\ServicioAutoController->index()
 7 SYSTEMPATH\CodeIgniter.php(507): CodeIgniter\CodeIgniter->runController(Object(App\Controllers\ServicioAutoController))
 8 SYSTEMPATH\CodeIgniter.php(354): CodeIgniter\CodeIgniter->handleRequest(null, Object(Config\Cache), false)
 9 SYSTEMPATH\Boot.php(363): CodeIgniter\CodeIgniter->run()
10 SYSTEMPATH\Boot.php(68): CodeIgniter\Boot::runCodeIgniter(Object(CodeIgniter\CodeIgniter))
11 FCPATH\index.php(59): CodeIgniter\Boot::bootWeb(Object(Config\Paths))
WARNING - 2026-07-09 16:59:58 --> [DEPRECATED] strtotime(): Passing null to parameter #1 ($datetime) of type string is deprecated in APPPATH\Views\servicios_autos\index.php on line 187.
 1 APPPATH\Views\servicios_autos\index.php(187): strtotime(null)
 2 SYSTEMPATH\View\View.php(226): include('C:\\xampp\\htdocs\\sistema\\app\\Views\\servicios_autos\\index.php')
 3 SYSTEMPATH\View\View.php(229): CodeIgniter\View\View->CodeIgniter\View\{closure}()
 4 SYSTEMPATH\Common.php(1167): CodeIgniter\View\View->render('servicios_autos/index', [], true)
 5 APPPATH\Controllers\ServicioAutoController.php(62): view('servicios_autos/index', [...])
 6 SYSTEMPATH\CodeIgniter.php(933): App\Controllers\ServicioAutoController->index()
 7 SYSTEMPATH\CodeIgniter.php(507): CodeIgniter\CodeIgniter->runController(Object(App\Controllers\ServicioAutoController))
 8 SYSTEMPATH\CodeIgniter.php(354): CodeIgniter\CodeIgniter->handleRequest(null, Object(Config\Cache), false)
 9 SYSTEMPATH\Boot.php(363): CodeIgniter\CodeIgniter->run()
10 SYSTEMPATH\Boot.php(68): CodeIgniter\Boot::runCodeIgniter(Object(CodeIgniter\CodeIgniter))
11 FCPATH\index.php(59): CodeIgniter\Boot::bootWeb(Object(Config\Paths))
WARNING - 2026-07-09 16:59:58 --> [DEPRECATED] strtotime(): Passing null to parameter #1 ($datetime) of type string is deprecated in APPPATH\Views\servicios_autos\index.php on line 187.
 1 APPPATH\Views\servicios_autos\index.php(187): strtotime(null)
 2 SYSTEMPATH\View\View.php(226): include('C:\\xampp\\htdocs\\sistema\\app\\Views\\servicios_autos\\index.php')
 3 SYSTEMPATH\View\View.php(229): CodeIgniter\View\View->CodeIgniter\View\{closure}()
 4 SYSTEMPATH\Common.php(1167): CodeIgniter\View\View->render('servicios_autos/index', [], true)
 5 APPPATH\Controllers\ServicioAutoController.php(62): view('servicios_autos/index', [...])
 6 SYSTEMPATH\CodeIgniter.php(933): App\Controllers\ServicioAutoController->index()
 7 SYSTEMPATH\CodeIgniter.php(507): CodeIgniter\CodeIgniter->runController(Object(App\Controllers\ServicioAutoController))
 8 SYSTEMPATH\CodeIgniter.php(354): CodeIgniter\CodeIgniter->handleRequest(null, Object(Config\Cache), false)
 9 SYSTEMPATH\Boot.php(363): CodeIgniter\CodeIgniter->run()
10 SYSTEMPATH\Boot.php(68): CodeIgniter\Boot::runCodeIgniter(Object(CodeIgniter\CodeIgniter))
11 FCPATH\index.php(59): CodeIgniter\Boot::bootWeb(Object(Config\Paths))
WARNING - 2026-07-09 16:59:58 --> [DEPRECATED] strtotime(): Passing null to parameter #1 ($datetime) of type string is deprecated in APPPATH\Views\servicios_autos\index.php on line 187.
 1 APPPATH\Views\servicios_autos\index.php(187): strtotime(null)
 2 SYSTEMPATH\View\View.php(226): include('C:\\xampp\\htdocs\\sistema\\app\\Views\\servicios_autos\\index.php')
 3 SYSTEMPATH\View\View.php(229): CodeIgniter\View\View->CodeIgniter\View\{closure}()
 4 SYSTEMPATH\Common.php(1167): CodeIgniter\View\View->render('servicios_autos/index', [], true)
 5 APPPATH\Controllers\ServicioAutoController.php(62): view('servicios_autos/index', [...])
 6 SYSTEMPATH\CodeIgniter.php(933): App\Controllers\ServicioAutoController->index()
 7 SYSTEMPATH\CodeIgniter.php(507): CodeIgniter\CodeIgniter->runController(Object(App\Controllers\ServicioAutoController))
 8 SYSTEMPATH\CodeIgniter.php(354): CodeIgniter\CodeIgniter->handleRequest(null, Object(Config\Cache), false)
 9 SYSTEMPATH\Boot.php(363): CodeIgniter\CodeIgniter->run()
10 SYSTEMPATH\Boot.php(68): CodeIgniter\Boot::runCodeIgniter(Object(CodeIgniter\CodeIgniter))
11 FCPATH\index.php(59): CodeIgniter\Boot::bootWeb(Object(Config\Paths))
WARNING - 2026-07-09 17:00:03 --> [DEPRECATED] Creation of dynamic property App\Controllers\ServicioAutoController::$evidenciaModel is deprecated in APPPATH\Controllers\ServicioAutoController.php on line 16.
 1 SYSTEMPATH\CodeIgniter.php(903): App\Controllers\ServicioAutoController->__construct()
 2 SYSTEMPATH\CodeIgniter.php(498): CodeIgniter\CodeIgniter->createController()
 3 SYSTEMPATH\CodeIgniter.php(354): CodeIgniter\CodeIgniter->handleRequest(null, Object(Config\Cache), false)
 4 SYSTEMPATH\Boot.php(363): CodeIgniter\CodeIgniter->run()
 5 SYSTEMPATH\Boot.php(68): CodeIgniter\Boot::runCodeIgniter(Object(CodeIgniter\CodeIgniter))
 6 FCPATH\index.php(59): CodeIgniter\Boot::bootWeb(Object(Config\Paths))
WARNING - 2026-07-09 17:00:06 --> [DEPRECATED] Creation of dynamic property App\Controllers\ServicioAutoController::$evidenciaModel is deprecated in APPPATH\Controllers\ServicioAutoController.php on line 16.
 1 SYSTEMPATH\CodeIgniter.php(903): App\Controllers\ServicioAutoController->__construct()
 2 SYSTEMPATH\CodeIgniter.php(498): CodeIgniter\CodeIgniter->createController()
 3 SYSTEMPATH\CodeIgniter.php(354): CodeIgniter\CodeIgniter->handleRequest(null, Object(Config\Cache), false)
 4 SYSTEMPATH\Boot.php(363): CodeIgniter\CodeIgniter->run()
 5 SYSTEMPATH\Boot.php(68): CodeIgniter\Boot::runCodeIgniter(Object(CodeIgniter\CodeIgniter))
 6 FCPATH\index.php(59): CodeIgniter\Boot::bootWeb(Object(Config\Paths))
WARNING - 2026-07-09 17:00:06 --> [DEPRECATED] strtotime(): Passing null to parameter #1 ($datetime) of type string is deprecated in APPPATH\Views\servicios_autos\index.php on line 187.
 1 APPPATH\Views\servicios_autos\index.php(187): strtotime(null)
 2 SYSTEMPATH\View\View.php(226): include('C:\\xampp\\htdocs\\sistema\\app\\Views\\servicios_autos\\index.php')
 3 SYSTEMPATH\View\View.php(229): CodeIgniter\View\View->CodeIgniter\View\{closure}()
 4 SYSTEMPATH\Common.php(1167): CodeIgniter\View\View->render('servicios_autos/index', [], true)
 5 APPPATH\Controllers\ServicioAutoController.php(62): view('servicios_autos/index', [...])
 6 SYSTEMPATH\CodeIgniter.php(933): App\Controllers\ServicioAutoController->index()
 7 SYSTEMPATH\CodeIgniter.php(507): CodeIgniter\CodeIgniter->runController(Object(App\Controllers\ServicioAutoController))
 8 SYSTEMPATH\CodeIgniter.php(354): CodeIgniter\CodeIgniter->handleRequest(null, Object(Config\Cache), false)
 9 SYSTEMPATH\Boot.php(363): CodeIgniter\CodeIgniter->run()
10 SYSTEMPATH\Boot.php(68): CodeIgniter\Boot::runCodeIgniter(Object(CodeIgniter\CodeIgniter))
11 FCPATH\index.php(59): CodeIgniter\Boot::bootWeb(Object(Config\Paths))
WARNING - 2026-07-09 17:00:06 --> [DEPRECATED] strtotime(): Passing null to parameter #1 ($datetime) of type string is deprecated in APPPATH\Views\servicios_autos\index.php on line 187.
 1 APPPATH\Views\servicios_autos\index.php(187): strtotime(null)
 2 SYSTEMPATH\View\View.php(226): include('C:\\xampp\\htdocs\\sistema\\app\\Views\\servicios_autos\\index.php')
 3 SYSTEMPATH\View\View.php(229): CodeIgniter\View\View->CodeIgniter\View\{closure}()
 4 SYSTEMPATH\Common.php(1167): CodeIgniter\View\View->render('servicios_autos/index', [], true)
 5 APPPATH\Controllers\ServicioAutoController.php(62): view('servicios_autos/index', [...])
 6 SYSTEMPATH\CodeIgniter.php(933): App\Controllers\ServicioAutoController->index()
 7 SYSTEMPATH\CodeIgniter.php(507): CodeIgniter\CodeIgniter->runController(Object(App\Controllers\ServicioAutoController))
 8 SYSTEMPATH\CodeIgniter.php(354): CodeIgniter\CodeIgniter->handleRequest(null, Object(Config\Cache), false)
 9 SYSTEMPATH\Boot.php(363): CodeIgniter\CodeIgniter->run()
10 SYSTEMPATH\Boot.php(68): CodeIgniter\Boot::runCodeIgniter(Object(CodeIgniter\CodeIgniter))
11 FCPATH\index.php(59): CodeIgniter\Boot::bootWeb(Object(Config\Paths))
WARNING - 2026-07-09 17:00:06 --> [DEPRECATED] strtotime(): Passing null to parameter #1 ($datetime) of type string is deprecated in APPPATH\Views\servicios_autos\index.php on line 187.
 1 APPPATH\Views\servicios_autos\index.php(187): strtotime(null)
 2 SYSTEMPATH\View\View.php(226): include('C:\\xampp\\htdocs\\sistema\\app\\Views\\servicios_autos\\index.php')
 3 SYSTEMPATH\View\View.php(229): CodeIgniter\View\View->CodeIgniter\View\{closure}()
 4 SYSTEMPATH\Common.php(1167): CodeIgniter\View\View->render('servicios_autos/index', [], true)
 5 APPPATH\Controllers\ServicioAutoController.php(62): view('servicios_autos/index', [...])
 6 SYSTEMPATH\CodeIgniter.php(933): App\Controllers\ServicioAutoController->index()
 7 SYSTEMPATH\CodeIgniter.php(507): CodeIgniter\CodeIgniter->runController(Object(App\Controllers\ServicioAutoController))
 8 SYSTEMPATH\CodeIgniter.php(354): CodeIgniter\CodeIgniter->handleRequest(null, Object(Config\Cache), false)
 9 SYSTEMPATH\Boot.php(363): CodeIgniter\CodeIgniter->run()
10 SYSTEMPATH\Boot.php(68): CodeIgniter\Boot::runCodeIgniter(Object(CodeIgniter\CodeIgniter))
11 FCPATH\index.php(59): CodeIgniter\Boot::bootWeb(Object(Config\Paths))
WARNING - 2026-07-09 17:00:06 --> [DEPRECATED] strtotime(): Passing null to parameter #1 ($datetime) of type string is deprecated in APPPATH\Views\servicios_autos\index.php on line 187.
 1 APPPATH\Views\servicios_autos\index.php(187): strtotime(null)
 2 SYSTEMPATH\View\View.php(226): include('C:\\xampp\\htdocs\\sistema\\app\\Views\\servicios_autos\\index.php')
 3 SYSTEMPATH\View\View.php(229): CodeIgniter\View\View->CodeIgniter\View\{closure}()
 4 SYSTEMPATH\Common.php(1167): CodeIgniter\View\View->render('servicios_autos/index', [], true)
 5 APPPATH\Controllers\ServicioAutoController.php(62): view('servicios_autos/index', [...])
 6 SYSTEMPATH\CodeIgniter.php(933): App\Controllers\ServicioAutoController->index()
 7 SYSTEMPATH\CodeIgniter.php(507): CodeIgniter\CodeIgniter->runController(Object(App\Controllers\ServicioAutoController))
 8 SYSTEMPATH\CodeIgniter.php(354): CodeIgniter\CodeIgniter->handleRequest(null, Object(Config\Cache), false)
 9 SYSTEMPATH\Boot.php(363): CodeIgniter\CodeIgniter->run()
10 SYSTEMPATH\Boot.php(68): CodeIgniter\Boot::runCodeIgniter(Object(CodeIgniter\CodeIgniter))
11 FCPATH\index.php(59): CodeIgniter\Boot::bootWeb(Object(Config\Paths))
WARNING - 2026-07-09 17:00:06 --> [DEPRECATED] strtotime(): Passing null to parameter #1 ($datetime) of type string is deprecated in APPPATH\Views\servicios_autos\index.php on line 187.
 1 APPPATH\Views\servicios_autos\index.php(187): strtotime(null)
 2 SYSTEMPATH\View\View.php(226): include('C:\\xampp\\htdocs\\sistema\\app\\Views\\servicios_autos\\index.php')
 3 SYSTEMPATH\View\View.php(229): CodeIgniter\View\View->CodeIgniter\View\{closure}()
 4 SYSTEMPATH\Common.php(1167): CodeIgniter\View\View->render('servicios_autos/index', [], true)
 5 APPPATH\Controllers\ServicioAutoController.php(62): view('servicios_autos/index', [...])
 6 SYSTEMPATH\CodeIgniter.php(933): App\Controllers\ServicioAutoController->index()
 7 SYSTEMPATH\CodeIgniter.php(507): CodeIgniter\CodeIgniter->runController(Object(App\Controllers\ServicioAutoController))
 8 SYSTEMPATH\CodeIgniter.php(354): CodeIgniter\CodeIgniter->handleRequest(null, Object(Config\Cache), false)
 9 SYSTEMPATH\Boot.php(363): CodeIgniter\CodeIgniter->run()
10 SYSTEMPATH\Boot.php(68): CodeIgniter\Boot::runCodeIgniter(Object(CodeIgniter\CodeIgniter))
11 FCPATH\index.php(59): CodeIgniter\Boot::bootWeb(Object(Config\Paths))
WARNING - 2026-07-09 17:00:06 --> [DEPRECATED] strtotime(): Passing null to parameter #1 ($datetime) of type string is deprecated in APPPATH\Views\servicios_autos\index.php on line 187.
 1 APPPATH\Views\servicios_autos\index.php(187): strtotime(null)
 2 SYSTEMPATH\View\View.php(226): include('C:\\xampp\\htdocs\\sistema\\app\\Views\\servicios_autos\\index.php')
 3 SYSTEMPATH\View\View.php(229): CodeIgniter\View\View->CodeIgniter\View\{closure}()
 4 SYSTEMPATH\Common.php(1167): CodeIgniter\View\View->render('servicios_autos/index', [], true)
 5 APPPATH\Controllers\ServicioAutoController.php(62): view('servicios_autos/index', [...])
 6 SYSTEMPATH\CodeIgniter.php(933): App\Controllers\ServicioAutoController->index()
 7 SYSTEMPATH\CodeIgniter.php(507): CodeIgniter\CodeIgniter->runController(Object(App\Controllers\ServicioAutoController))
 8 SYSTEMPATH\CodeIgniter.php(354): CodeIgniter\CodeIgniter->handleRequest(null, Object(Config\Cache), false)
 9 SYSTEMPATH\Boot.php(363): CodeIgniter\CodeIgniter->run()
10 SYSTEMPATH\Boot.php(68): CodeIgniter\Boot::runCodeIgniter(Object(CodeIgniter\CodeIgniter))
11 FCPATH\index.php(59): CodeIgniter\Boot::bootWeb(Object(Config\Paths))
WARNING - 2026-07-09 17:00:06 --> [DEPRECATED] strtotime(): Passing null to parameter #1 ($datetime) of type string is deprecated in APPPATH\Views\servicios_autos\index.php on line 187.
 1 APPPATH\Views\servicios_autos\index.php(187): strtotime(null)
 2 SYSTEMPATH\View\View.php(226): include('C:\\xampp\\htdocs\\sistema\\app\\Views\\servicios_autos\\index.php')
 3 SYSTEMPATH\View\View.php(229): CodeIgniter\View\View->CodeIgniter\View\{closure}()
 4 SYSTEMPATH\Common.php(1167): CodeIgniter\View\View->render('servicios_autos/index', [], true)
 5 APPPATH\Controllers\ServicioAutoController.php(62): view('servicios_autos/index', [...])
 6 SYSTEMPATH\CodeIgniter.php(933): App\Controllers\ServicioAutoController->index()
 7 SYSTEMPATH\CodeIgniter.php(507): CodeIgniter\CodeIgniter->runController(Object(App\Controllers\ServicioAutoController))
 8 SYSTEMPATH\CodeIgniter.php(354): CodeIgniter\CodeIgniter->handleRequest(null, Object(Config\Cache), false)
 9 SYSTEMPATH\Boot.php(363): CodeIgniter\CodeIgniter->run()
10 SYSTEMPATH\Boot.php(68): CodeIgniter\Boot::runCodeIgniter(Object(CodeIgniter\CodeIgniter))
11 FCPATH\index.php(59): CodeIgniter\Boot::bootWeb(Object(Config\Paths))
WARNING - 2026-07-09 17:00:06 --> [DEPRECATED] strtotime(): Passing null to parameter #1 ($datetime) of type string is deprecated in APPPATH\Views\servicios_autos\index.php on line 187.
 1 APPPATH\Views\servicios_autos\index.php(187): strtotime(null)
 2 SYSTEMPATH\View\View.php(226): include('C:\\xampp\\htdocs\\sistema\\app\\Views\\servicios_autos\\index.php')
 3 SYSTEMPATH\View\View.php(229): CodeIgniter\View\View->CodeIgniter\View\{closure}()
 4 SYSTEMPATH\Common.php(1167): CodeIgniter\View\View->render('servicios_autos/index', [], true)
 5 APPPATH\Controllers\ServicioAutoController.php(62): view('servicios_autos/index', [...])
 6 SYSTEMPATH\CodeIgniter.php(933): App\Controllers\ServicioAutoController->index()
 7 SYSTEMPATH\CodeIgniter.php(507): CodeIgniter\CodeIgniter->runController(Object(App\Controllers\ServicioAutoController))
 8 SYSTEMPATH\CodeIgniter.php(354): CodeIgniter\CodeIgniter->handleRequest(null, Object(Config\Cache), false)
 9 SYSTEMPATH\Boot.php(363): CodeIgniter\CodeIgniter->run()
10 SYSTEMPATH\Boot.php(68): CodeIgniter\Boot::runCodeIgniter(Object(CodeIgniter\CodeIgniter))
11 FCPATH\index.php(59): CodeIgniter\Boot::bootWeb(Object(Config\Paths))
WARNING - 2026-07-09 17:00:09 --> [DEPRECATED] Creation of dynamic property App\Controllers\ServicioAutoController::$evidenciaModel is deprecated in APPPATH\Controllers\ServicioAutoController.php on line 16.
 1 SYSTEMPATH\CodeIgniter.php(903): App\Controllers\ServicioAutoController->__construct()
 2 SYSTEMPATH\CodeIgniter.php(498): CodeIgniter\CodeIgniter->createController()
 3 SYSTEMPATH\CodeIgniter.php(354): CodeIgniter\CodeIgniter->handleRequest(null, Object(Config\Cache), false)
 4 SYSTEMPATH\Boot.php(363): CodeIgniter\CodeIgniter->run()
 5 SYSTEMPATH\Boot.php(68): CodeIgniter\Boot::runCodeIgniter(Object(CodeIgniter\CodeIgniter))
 6 FCPATH\index.php(59): CodeIgniter\Boot::bootWeb(Object(Config\Paths))
WARNING - 2026-07-09 17:02:03 --> [DEPRECATED] Creation of dynamic property App\Controllers\ServicioAutoController::$evidenciaModel is deprecated in APPPATH\Controllers\ServicioAutoController.php on line 16.
 1 SYSTEMPATH\CodeIgniter.php(903): App\Controllers\ServicioAutoController->__construct()
 2 SYSTEMPATH\CodeIgniter.php(498): CodeIgniter\CodeIgniter->createController()
 3 SYSTEMPATH\CodeIgniter.php(354): CodeIgniter\CodeIgniter->handleRequest(null, Object(Config\Cache), false)
 4 SYSTEMPATH\Boot.php(363): CodeIgniter\CodeIgniter->run()
 5 SYSTEMPATH\Boot.php(68): CodeIgniter\Boot::runCodeIgniter(Object(CodeIgniter\CodeIgniter))
 6 FCPATH\index.php(59): CodeIgniter\Boot::bootWeb(Object(Config\Paths))
WARNING - 2026-07-09 17:02:28 --> [DEPRECATED] Creation of dynamic property App\Controllers\ServicioAutoController::$evidenciaModel is deprecated in APPPATH\Controllers\ServicioAutoController.php on line 16.
 1 SYSTEMPATH\CodeIgniter.php(903): App\Controllers\ServicioAutoController->__construct()
 2 SYSTEMPATH\CodeIgniter.php(498): CodeIgniter\CodeIgniter->createController()
 3 SYSTEMPATH\CodeIgniter.php(354): CodeIgniter\CodeIgniter->handleRequest(null, Object(Config\Cache), false)
 4 SYSTEMPATH\Boot.php(363): CodeIgniter\CodeIgniter->run()
 5 SYSTEMPATH\Boot.php(68): CodeIgniter\Boot::runCodeIgniter(Object(CodeIgniter\CodeIgniter))
 6 FCPATH\index.php(59): CodeIgniter\Boot::bootWeb(Object(Config\Paths))
WARNING - 2026-07-09 17:19:59 --> [DEPRECATED] Creation of dynamic property App\Controllers\ServicioAutoController::$evidenciaModel is deprecated in APPPATH\Controllers\ServicioAutoController.php on line 16.
 1 SYSTEMPATH\CodeIgniter.php(903): App\Controllers\ServicioAutoController->__construct()
 2 SYSTEMPATH\CodeIgniter.php(498): CodeIgniter\CodeIgniter->createController()
 3 SYSTEMPATH\CodeIgniter.php(354): CodeIgniter\CodeIgniter->handleRequest(null, Object(Config\Cache), false)
 4 SYSTEMPATH\Boot.php(363): CodeIgniter\CodeIgniter->run()
 5 SYSTEMPATH\Boot.php(68): CodeIgniter\Boot::runCodeIgniter(Object(CodeIgniter\CodeIgniter))
 6 FCPATH\index.php(59): CodeIgniter\Boot::bootWeb(Object(Config\Paths))
WARNING - 2026-07-09 17:20:30 --> [DEPRECATED] Creation of dynamic property App\Controllers\ServicioAutoController::$evidenciaModel is deprecated in APPPATH\Controllers\ServicioAutoController.php on line 16.
 1 SYSTEMPATH\CodeIgniter.php(903): App\Controllers\ServicioAutoController->__construct()
 2 SYSTEMPATH\CodeIgniter.php(498): CodeIgniter\CodeIgniter->createController()
 3 SYSTEMPATH\CodeIgniter.php(354): CodeIgniter\CodeIgniter->handleRequest(null, Object(Config\Cache), false)
 4 SYSTEMPATH\Boot.php(363): CodeIgniter\CodeIgniter->run()
 5 SYSTEMPATH\Boot.php(68): CodeIgniter\Boot::runCodeIgniter(Object(CodeIgniter\CodeIgniter))
 6 FCPATH\index.php(59): CodeIgniter\Boot::bootWeb(Object(Config\Paths))
WARNING - 2026-07-09 17:20:58 --> [DEPRECATED] Creation of dynamic property App\Controllers\ServicioAutoController::$evidenciaModel is deprecated in APPPATH\Controllers\ServicioAutoController.php on line 16.
 1 SYSTEMPATH\CodeIgniter.php(903): App\Controllers\ServicioAutoController->__construct()
 2 SYSTEMPATH\CodeIgniter.php(498): CodeIgniter\CodeIgniter->createController()
 3 SYSTEMPATH\CodeIgniter.php(354): CodeIgniter\CodeIgniter->handleRequest(null, Object(Config\Cache), false)
 4 SYSTEMPATH\Boot.php(363): CodeIgniter\CodeIgniter->run()
 5 SYSTEMPATH\Boot.php(68): CodeIgniter\Boot::runCodeIgniter(Object(CodeIgniter\CodeIgniter))
 6 FCPATH\index.php(59): CodeIgniter\Boot::bootWeb(Object(Config\Paths))
WARNING - 2026-07-09 17:20:58 --> [DEPRECATED] strtotime(): Passing null to parameter #1 ($datetime) of type string is deprecated in APPPATH\Views\servicios_autos\index.php on line 187.
 1 APPPATH\Views\servicios_autos\index.php(187): strtotime(null)
 2 SYSTEMPATH\View\View.php(226): include('C:\\xampp\\htdocs\\sistema\\app\\Views\\servicios_autos\\index.php')
 3 SYSTEMPATH\View\View.php(229): CodeIgniter\View\View->CodeIgniter\View\{closure}()
 4 SYSTEMPATH\Common.php(1167): CodeIgniter\View\View->render('servicios_autos/index', [], true)
 5 APPPATH\Controllers\ServicioAutoController.php(62): view('servicios_autos/index', [...])
 6 SYSTEMPATH\CodeIgniter.php(933): App\Controllers\ServicioAutoController->index()
 7 SYSTEMPATH\CodeIgniter.php(507): CodeIgniter\CodeIgniter->runController(Object(App\Controllers\ServicioAutoController))
 8 SYSTEMPATH\CodeIgniter.php(354): CodeIgniter\CodeIgniter->handleRequest(null, Object(Config\Cache), false)
 9 SYSTEMPATH\Boot.php(363): CodeIgniter\CodeIgniter->run()
10 SYSTEMPATH\Boot.php(68): CodeIgniter\Boot::runCodeIgniter(Object(CodeIgniter\CodeIgniter))
11 FCPATH\index.php(59): CodeIgniter\Boot::bootWeb(Object(Config\Paths))
WARNING - 2026-07-09 17:20:58 --> [DEPRECATED] strtotime(): Passing null to parameter #1 ($datetime) of type string is deprecated in APPPATH\Views\servicios_autos\index.php on line 187.
 1 APPPATH\Views\servicios_autos\index.php(187): strtotime(null)
 2 SYSTEMPATH\View\View.php(226): include('C:\\xampp\\htdocs\\sistema\\app\\Views\\servicios_autos\\index.php')
 3 SYSTEMPATH\View\View.php(229): CodeIgniter\View\View->CodeIgniter\View\{closure}()
 4 SYSTEMPATH\Common.php(1167): CodeIgniter\View\View->render('servicios_autos/index', [], true)
 5 APPPATH\Controllers\ServicioAutoController.php(62): view('servicios_autos/index', [...])
 6 SYSTEMPATH\CodeIgniter.php(933): App\Controllers\ServicioAutoController->index()
 7 SYSTEMPATH\CodeIgniter.php(507): CodeIgniter\CodeIgniter->runController(Object(App\Controllers\ServicioAutoController))
 8 SYSTEMPATH\CodeIgniter.php(354): CodeIgniter\CodeIgniter->handleRequest(null, Object(Config\Cache), false)
 9 SYSTEMPATH\Boot.php(363): CodeIgniter\CodeIgniter->run()
10 SYSTEMPATH\Boot.php(68): CodeIgniter\Boot::runCodeIgniter(Object(CodeIgniter\CodeIgniter))
11 FCPATH\index.php(59): CodeIgniter\Boot::bootWeb(Object(Config\Paths))
WARNING - 2026-07-09 17:20:58 --> [DEPRECATED] strtotime(): Passing null to parameter #1 ($datetime) of type string is deprecated in APPPATH\Views\servicios_autos\index.php on line 187.
 1 APPPATH\Views\servicios_autos\index.php(187): strtotime(null)
 2 SYSTEMPATH\View\View.php(226): include('C:\\xampp\\htdocs\\sistema\\app\\Views\\servicios_autos\\index.php')
 3 SYSTEMPATH\View\View.php(229): CodeIgniter\View\View->CodeIgniter\View\{closure}()
 4 SYSTEMPATH\Common.php(1167): CodeIgniter\View\View->render('servicios_autos/index', [], true)
 5 APPPATH\Controllers\ServicioAutoController.php(62): view('servicios_autos/index', [...])
 6 SYSTEMPATH\CodeIgniter.php(933): App\Controllers\ServicioAutoController->index()
 7 SYSTEMPATH\CodeIgniter.php(507): CodeIgniter\CodeIgniter->runController(Object(App\Controllers\ServicioAutoController))
 8 SYSTEMPATH\CodeIgniter.php(354): CodeIgniter\CodeIgniter->handleRequest(null, Object(Config\Cache), false)
 9 SYSTEMPATH\Boot.php(363): CodeIgniter\CodeIgniter->run()
10 SYSTEMPATH\Boot.php(68): CodeIgniter\Boot::runCodeIgniter(Object(CodeIgniter\CodeIgniter))
11 FCPATH\index.php(59): CodeIgniter\Boot::bootWeb(Object(Config\Paths))
WARNING - 2026-07-09 17:20:58 --> [DEPRECATED] strtotime(): Passing null to parameter #1 ($datetime) of type string is deprecated in APPPATH\Views\servicios_autos\index.php on line 187.
 1 APPPATH\Views\servicios_autos\index.php(187): strtotime(null)
 2 SYSTEMPATH\View\View.php(226): include('C:\\xampp\\htdocs\\sistema\\app\\Views\\servicios_autos\\index.php')
 3 SYSTEMPATH\View\View.php(229): CodeIgniter\View\View->CodeIgniter\View\{closure}()
 4 SYSTEMPATH\Common.php(1167): CodeIgniter\View\View->render('servicios_autos/index', [], true)
 5 APPPATH\Controllers\ServicioAutoController.php(62): view('servicios_autos/index', [...])
 6 SYSTEMPATH\CodeIgniter.php(933): App\Controllers\ServicioAutoController->index()
 7 SYSTEMPATH\CodeIgniter.php(507): CodeIgniter\CodeIgniter->runController(Object(App\Controllers\ServicioAutoController))
 8 SYSTEMPATH\CodeIgniter.php(354): CodeIgniter\CodeIgniter->handleRequest(null, Object(Config\Cache), false)
 9 SYSTEMPATH\Boot.php(363): CodeIgniter\CodeIgniter->run()
10 SYSTEMPATH\Boot.php(68): CodeIgniter\Boot::runCodeIgniter(Object(CodeIgniter\CodeIgniter))
11 FCPATH\index.php(59): CodeIgniter\Boot::bootWeb(Object(Config\Paths))
WARNING - 2026-07-09 17:20:58 --> [DEPRECATED] strtotime(): Passing null to parameter #1 ($datetime) of type string is deprecated in APPPATH\Views\servicios_autos\index.php on line 187.
 1 APPPATH\Views\servicios_autos\index.php(187): strtotime(null)
 2 SYSTEMPATH\View\View.php(226): include('C:\\xampp\\htdocs\\sistema\\app\\Views\\servicios_autos\\index.php')
 3 SYSTEMPATH\View\View.php(229): CodeIgniter\View\View->CodeIgniter\View\{closure}()
 4 SYSTEMPATH\Common.php(1167): CodeIgniter\View\View->render('servicios_autos/index', [], true)
 5 APPPATH\Controllers\ServicioAutoController.php(62): view('servicios_autos/index', [...])
 6 SYSTEMPATH\CodeIgniter.php(933): App\Controllers\ServicioAutoController->index()
 7 SYSTEMPATH\CodeIgniter.php(507): CodeIgniter\CodeIgniter->runController(Object(App\Controllers\ServicioAutoController))
 8 SYSTEMPATH\CodeIgniter.php(354): CodeIgniter\CodeIgniter->handleRequest(null, Object(Config\Cache), false)
 9 SYSTEMPATH\Boot.php(363): CodeIgniter\CodeIgniter->run()
10 SYSTEMPATH\Boot.php(68): CodeIgniter\Boot::runCodeIgniter(Object(CodeIgniter\CodeIgniter))
11 FCPATH\index.php(59): CodeIgniter\Boot::bootWeb(Object(Config\Paths))
WARNING - 2026-07-09 17:20:58 --> [DEPRECATED] strtotime(): Passing null to parameter #1 ($datetime) of type string is deprecated in APPPATH\Views\servicios_autos\index.php on line 187.
 1 APPPATH\Views\servicios_autos\index.php(187): strtotime(null)
 2 SYSTEMPATH\View\View.php(226): include('C:\\xampp\\htdocs\\sistema\\app\\Views\\servicios_autos\\index.php')
 3 SYSTEMPATH\View\View.php(229): CodeIgniter\View\View->CodeIgniter\View\{closure}()
 4 SYSTEMPATH\Common.php(1167): CodeIgniter\View\View->render('servicios_autos/index', [], true)
 5 APPPATH\Controllers\ServicioAutoController.php(62): view('servicios_autos/index', [...])
 6 SYSTEMPATH\CodeIgniter.php(933): App\Controllers\ServicioAutoController->index()
 7 SYSTEMPATH\CodeIgniter.php(507): CodeIgniter\CodeIgniter->runController(Object(App\Controllers\ServicioAutoController))
 8 SYSTEMPATH\CodeIgniter.php(354): CodeIgniter\CodeIgniter->handleRequest(null, Object(Config\Cache), false)
 9 SYSTEMPATH\Boot.php(363): CodeIgniter\CodeIgniter->run()
10 SYSTEMPATH\Boot.php(68): CodeIgniter\Boot::runCodeIgniter(Object(CodeIgniter\CodeIgniter))
11 FCPATH\index.php(59): CodeIgniter\Boot::bootWeb(Object(Config\Paths))
WARNING - 2026-07-09 17:20:58 --> [DEPRECATED] strtotime(): Passing null to parameter #1 ($datetime) of type string is deprecated in APPPATH\Views\servicios_autos\index.php on line 187.
 1 APPPATH\Views\servicios_autos\index.php(187): strtotime(null)
 2 SYSTEMPATH\View\View.php(226): include('C:\\xampp\\htdocs\\sistema\\app\\Views\\servicios_autos\\index.php')
 3 SYSTEMPATH\View\View.php(229): CodeIgniter\View\View->CodeIgniter\View\{closure}()
 4 SYSTEMPATH\Common.php(1167): CodeIgniter\View\View->render('servicios_autos/index', [], true)
 5 APPPATH\Controllers\ServicioAutoController.php(62): view('servicios_autos/index', [...])
 6 SYSTEMPATH\CodeIgniter.php(933): App\Controllers\ServicioAutoController->index()
 7 SYSTEMPATH\CodeIgniter.php(507): CodeIgniter\CodeIgniter->runController(Object(App\Controllers\ServicioAutoController))
 8 SYSTEMPATH\CodeIgniter.php(354): CodeIgniter\CodeIgniter->handleRequest(null, Object(Config\Cache), false)
 9 SYSTEMPATH\Boot.php(363): CodeIgniter\CodeIgniter->run()
10 SYSTEMPATH\Boot.php(68): CodeIgniter\Boot::runCodeIgniter(Object(CodeIgniter\CodeIgniter))
11 FCPATH\index.php(59): CodeIgniter\Boot::bootWeb(Object(Config\Paths))
WARNING - 2026-07-09 17:20:58 --> [DEPRECATED] strtotime(): Passing null to parameter #1 ($datetime) of type string is deprecated in APPPATH\Views\servicios_autos\index.php on line 187.
 1 APPPATH\Views\servicios_autos\index.php(187): strtotime(null)
 2 SYSTEMPATH\View\View.php(226): include('C:\\xampp\\htdocs\\sistema\\app\\Views\\servicios_autos\\index.php')
 3 SYSTEMPATH\View\View.php(229): CodeIgniter\View\View->CodeIgniter\View\{closure}()
 4 SYSTEMPATH\Common.php(1167): CodeIgniter\View\View->render('servicios_autos/index', [], true)
 5 APPPATH\Controllers\ServicioAutoController.php(62): view('servicios_autos/index', [...])
 6 SYSTEMPATH\CodeIgniter.php(933): App\Controllers\ServicioAutoController->index()
 7 SYSTEMPATH\CodeIgniter.php(507): CodeIgniter\CodeIgniter->runController(Object(App\Controllers\ServicioAutoController))
 8 SYSTEMPATH\CodeIgniter.php(354): CodeIgniter\CodeIgniter->handleRequest(null, Object(Config\Cache), false)
 9 SYSTEMPATH\Boot.php(363): CodeIgniter\CodeIgniter->run()
10 SYSTEMPATH\Boot.php(68): CodeIgniter\Boot::runCodeIgniter(Object(CodeIgniter\CodeIgniter))
11 FCPATH\index.php(59): CodeIgniter\Boot::bootWeb(Object(Config\Paths))
WARNING - 2026-07-09 17:21:12 --> [DEPRECATED] Creation of dynamic property App\Controllers\ServicioAutoController::$evidenciaModel is deprecated in APPPATH\Controllers\ServicioAutoController.php on line 16.
 1 SYSTEMPATH\CodeIgniter.php(903): App\Controllers\ServicioAutoController->__construct()
 2 SYSTEMPATH\CodeIgniter.php(498): CodeIgniter\CodeIgniter->createController()
 3 SYSTEMPATH\CodeIgniter.php(354): CodeIgniter\CodeIgniter->handleRequest(null, Object(Config\Cache), false)
 4 SYSTEMPATH\Boot.php(363): CodeIgniter\CodeIgniter->run()
 5 SYSTEMPATH\Boot.php(68): CodeIgniter\Boot::runCodeIgniter(Object(CodeIgniter\CodeIgniter))
 6 FCPATH\index.php(59): CodeIgniter\Boot::bootWeb(Object(Config\Paths))
WARNING - 2026-07-09 17:21:14 --> [DEPRECATED] Creation of dynamic property App\Controllers\ServicioAutoController::$evidenciaModel is deprecated in APPPATH\Controllers\ServicioAutoController.php on line 16.
 1 SYSTEMPATH\CodeIgniter.php(903): App\Controllers\ServicioAutoController->__construct()
 2 SYSTEMPATH\CodeIgniter.php(498): CodeIgniter\CodeIgniter->createController()
 3 SYSTEMPATH\CodeIgniter.php(354): CodeIgniter\CodeIgniter->handleRequest(null, Object(Config\Cache), false)
 4 SYSTEMPATH\Boot.php(363): CodeIgniter\CodeIgniter->run()
 5 SYSTEMPATH\Boot.php(68): CodeIgniter\Boot::runCodeIgniter(Object(CodeIgniter\CodeIgniter))
 6 FCPATH\index.php(59): CodeIgniter\Boot::bootWeb(Object(Config\Paths))
WARNING - 2026-07-09 17:21:14 --> [DEPRECATED] strtotime(): Passing null to parameter #1 ($datetime) of type string is deprecated in APPPATH\Views\servicios_autos\index.php on line 187.
 1 APPPATH\Views\servicios_autos\index.php(187): strtotime(null)
 2 SYSTEMPATH\View\View.php(226): include('C:\\xampp\\htdocs\\sistema\\app\\Views\\servicios_autos\\index.php')
 3 SYSTEMPATH\View\View.php(229): CodeIgniter\View\View->CodeIgniter\View\{closure}()
 4 SYSTEMPATH\Common.php(1167): CodeIgniter\View\View->render('servicios_autos/index', [], true)
 5 APPPATH\Controllers\ServicioAutoController.php(62): view('servicios_autos/index', [...])
 6 SYSTEMPATH\CodeIgniter.php(933): App\Controllers\ServicioAutoController->index()
 7 SYSTEMPATH\CodeIgniter.php(507): CodeIgniter\CodeIgniter->runController(Object(App\Controllers\ServicioAutoController))
 8 SYSTEMPATH\CodeIgniter.php(354): CodeIgniter\CodeIgniter->handleRequest(null, Object(Config\Cache), false)
 9 SYSTEMPATH\Boot.php(363): CodeIgniter\CodeIgniter->run()
10 SYSTEMPATH\Boot.php(68): CodeIgniter\Boot::runCodeIgniter(Object(CodeIgniter\CodeIgniter))
11 FCPATH\index.php(59): CodeIgniter\Boot::bootWeb(Object(Config\Paths))
WARNING - 2026-07-09 17:21:14 --> [DEPRECATED] strtotime(): Passing null to parameter #1 ($datetime) of type string is deprecated in APPPATH\Views\servicios_autos\index.php on line 187.
 1 APPPATH\Views\servicios_autos\index.php(187): strtotime(null)
 2 SYSTEMPATH\View\View.php(226): include('C:\\xampp\\htdocs\\sistema\\app\\Views\\servicios_autos\\index.php')
 3 SYSTEMPATH\View\View.php(229): CodeIgniter\View\View->CodeIgniter\View\{closure}()
 4 SYSTEMPATH\Common.php(1167): CodeIgniter\View\View->render('servicios_autos/index', [], true)
 5 APPPATH\Controllers\ServicioAutoController.php(62): view('servicios_autos/index', [...])
 6 SYSTEMPATH\CodeIgniter.php(933): App\Controllers\ServicioAutoController->index()
 7 SYSTEMPATH\CodeIgniter.php(507): CodeIgniter\CodeIgniter->runController(Object(App\Controllers\ServicioAutoController))
 8 SYSTEMPATH\CodeIgniter.php(354): CodeIgniter\CodeIgniter->handleRequest(null, Object(Config\Cache), false)
 9 SYSTEMPATH\Boot.php(363): CodeIgniter\CodeIgniter->run()
10 SYSTEMPATH\Boot.php(68): CodeIgniter\Boot::runCodeIgniter(Object(CodeIgniter\CodeIgniter))
11 FCPATH\index.php(59): CodeIgniter\Boot::bootWeb(Object(Config\Paths))
WARNING - 2026-07-09 17:21:14 --> [DEPRECATED] strtotime(): Passing null to parameter #1 ($datetime) of type string is deprecated in APPPATH\Views\servicios_autos\index.php on line 187.
 1 APPPATH\Views\servicios_autos\index.php(187): strtotime(null)
 2 SYSTEMPATH\View\View.php(226): include('C:\\xampp\\htdocs\\sistema\\app\\Views\\servicios_autos\\index.php')
 3 SYSTEMPATH\View\View.php(229): CodeIgniter\View\View->CodeIgniter\View\{closure}()
 4 SYSTEMPATH\Common.php(1167): CodeIgniter\View\View->render('servicios_autos/index', [], true)
 5 APPPATH\Controllers\ServicioAutoController.php(62): view('servicios_autos/index', [...])
 6 SYSTEMPATH\CodeIgniter.php(933): App\Controllers\ServicioAutoController->index()
 7 SYSTEMPATH\CodeIgniter.php(507): CodeIgniter\CodeIgniter->runController(Object(App\Controllers\ServicioAutoController))
 8 SYSTEMPATH\CodeIgniter.php(354): CodeIgniter\CodeIgniter->handleRequest(null, Object(Config\Cache), false)
 9 SYSTEMPATH\Boot.php(363): CodeIgniter\CodeIgniter->run()
10 SYSTEMPATH\Boot.php(68): CodeIgniter\Boot::runCodeIgniter(Object(CodeIgniter\CodeIgniter))
11 FCPATH\index.php(59): CodeIgniter\Boot::bootWeb(Object(Config\Paths))
WARNING - 2026-07-09 17:21:14 --> [DEPRECATED] strtotime(): Passing null to parameter #1 ($datetime) of type string is deprecated in APPPATH\Views\servicios_autos\index.php on line 187.
 1 APPPATH\Views\servicios_autos\index.php(187): strtotime(null)
 2 SYSTEMPATH\View\View.php(226): include('C:\\xampp\\htdocs\\sistema\\app\\Views\\servicios_autos\\index.php')
 3 SYSTEMPATH\View\View.php(229): CodeIgniter\View\View->CodeIgniter\View\{closure}()
 4 SYSTEMPATH\Common.php(1167): CodeIgniter\View\View->render('servicios_autos/index', [], true)
 5 APPPATH\Controllers\ServicioAutoController.php(62): view('servicios_autos/index', [...])
 6 SYSTEMPATH\CodeIgniter.php(933): App\Controllers\ServicioAutoController->index()
 7 SYSTEMPATH\CodeIgniter.php(507): CodeIgniter\CodeIgniter->runController(Object(App\Controllers\ServicioAutoController))
 8 SYSTEMPATH\CodeIgniter.php(354): CodeIgniter\CodeIgniter->handleRequest(null, Object(Config\Cache), false)
 9 SYSTEMPATH\Boot.php(363): CodeIgniter\CodeIgniter->run()
10 SYSTEMPATH\Boot.php(68): CodeIgniter\Boot::runCodeIgniter(Object(CodeIgniter\CodeIgniter))
11 FCPATH\index.php(59): CodeIgniter\Boot::bootWeb(Object(Config\Paths))
WARNING - 2026-07-09 17:21:14 --> [DEPRECATED] strtotime(): Passing null to parameter #1 ($datetime) of type string is deprecated in APPPATH\Views\servicios_autos\index.php on line 187.
 1 APPPATH\Views\servicios_autos\index.php(187): strtotime(null)
 2 SYSTEMPATH\View\View.php(226): include('C:\\xampp\\htdocs\\sistema\\app\\Views\\servicios_autos\\index.php')
 3 SYSTEMPATH\View\View.php(229): CodeIgniter\View\View->CodeIgniter\View\{closure}()
 4 SYSTEMPATH\Common.php(1167): CodeIgniter\View\View->render('servicios_autos/index', [], true)
 5 APPPATH\Controllers\ServicioAutoController.php(62): view('servicios_autos/index', [...])
 6 SYSTEMPATH\CodeIgniter.php(933): App\Controllers\ServicioAutoController->index()
 7 SYSTEMPATH\CodeIgniter.php(507): CodeIgniter\CodeIgniter->runController(Object(App\Controllers\ServicioAutoController))
 8 SYSTEMPATH\CodeIgniter.php(354): CodeIgniter\CodeIgniter->handleRequest(null, Object(Config\Cache), false)
 9 SYSTEMPATH\Boot.php(363): CodeIgniter\CodeIgniter->run()
10 SYSTEMPATH\Boot.php(68): CodeIgniter\Boot::runCodeIgniter(Object(CodeIgniter\CodeIgniter))
11 FCPATH\index.php(59): CodeIgniter\Boot::bootWeb(Object(Config\Paths))
WARNING - 2026-07-09 17:21:14 --> [DEPRECATED] strtotime(): Passing null to parameter #1 ($datetime) of type string is deprecated in APPPATH\Views\servicios_autos\index.php on line 187.
 1 APPPATH\Views\servicios_autos\index.php(187): strtotime(null)
 2 SYSTEMPATH\View\View.php(226): include('C:\\xampp\\htdocs\\sistema\\app\\Views\\servicios_autos\\index.php')
 3 SYSTEMPATH\View\View.php(229): CodeIgniter\View\View->CodeIgniter\View\{closure}()
 4 SYSTEMPATH\Common.php(1167): CodeIgniter\View\View->render('servicios_autos/index', [], true)
 5 APPPATH\Controllers\ServicioAutoController.php(62): view('servicios_autos/index', [...])
 6 SYSTEMPATH\CodeIgniter.php(933): App\Controllers\ServicioAutoController->index()
 7 SYSTEMPATH\CodeIgniter.php(507): CodeIgniter\CodeIgniter->runController(Object(App\Controllers\ServicioAutoController))
 8 SYSTEMPATH\CodeIgniter.php(354): CodeIgniter\CodeIgniter->handleRequest(null, Object(Config\Cache), false)
 9 SYSTEMPATH\Boot.php(363): CodeIgniter\CodeIgniter->run()
10 SYSTEMPATH\Boot.php(68): CodeIgniter\Boot::runCodeIgniter(Object(CodeIgniter\CodeIgniter))
11 FCPATH\index.php(59): CodeIgniter\Boot::bootWeb(Object(Config\Paths))
WARNING - 2026-07-09 17:21:14 --> [DEPRECATED] strtotime(): Passing null to parameter #1 ($datetime) of type string is deprecated in APPPATH\Views\servicios_autos\index.php on line 187.
 1 APPPATH\Views\servicios_autos\index.php(187): strtotime(null)
 2 SYSTEMPATH\View\View.php(226): include('C:\\xampp\\htdocs\\sistema\\app\\Views\\servicios_autos\\index.php')
 3 SYSTEMPATH\View\View.php(229): CodeIgniter\View\View->CodeIgniter\View\{closure}()
 4 SYSTEMPATH\Common.php(1167): CodeIgniter\View\View->render('servicios_autos/index', [], true)
 5 APPPATH\Controllers\ServicioAutoController.php(62): view('servicios_autos/index', [...])
 6 SYSTEMPATH\CodeIgniter.php(933): App\Controllers\ServicioAutoController->index()
 7 SYSTEMPATH\CodeIgniter.php(507): CodeIgniter\CodeIgniter->runController(Object(App\Controllers\ServicioAutoController))
 8 SYSTEMPATH\CodeIgniter.php(354): CodeIgniter\CodeIgniter->handleRequest(null, Object(Config\Cache), false)
 9 SYSTEMPATH\Boot.php(363): CodeIgniter\CodeIgniter->run()
10 SYSTEMPATH\Boot.php(68): CodeIgniter\Boot::runCodeIgniter(Object(CodeIgniter\CodeIgniter))
11 FCPATH\index.php(59): CodeIgniter\Boot::bootWeb(Object(Config\Paths))
WARNING - 2026-07-09 17:21:14 --> [DEPRECATED] strtotime(): Passing null to parameter #1 ($datetime) of type string is deprecated in APPPATH\Views\servicios_autos\index.php on line 187.
 1 APPPATH\Views\servicios_autos\index.php(187): strtotime(null)
 2 SYSTEMPATH\View\View.php(226): include('C:\\xampp\\htdocs\\sistema\\app\\Views\\servicios_autos\\index.php')
 3 SYSTEMPATH\View\View.php(229): CodeIgniter\View\View->CodeIgniter\View\{closure}()
 4 SYSTEMPATH\Common.php(1167): CodeIgniter\View\View->render('servicios_autos/index', [], true)
 5 APPPATH\Controllers\ServicioAutoController.php(62): view('servicios_autos/index', [...])
 6 SYSTEMPATH\CodeIgniter.php(933): App\Controllers\ServicioAutoController->index()
 7 SYSTEMPATH\CodeIgniter.php(507): CodeIgniter\CodeIgniter->runController(Object(App\Controllers\ServicioAutoController))
 8 SYSTEMPATH\CodeIgniter.php(354): CodeIgniter\CodeIgniter->handleRequest(null, Object(Config\Cache), false)
 9 SYSTEMPATH\Boot.php(363): CodeIgniter\CodeIgniter->run()
10 SYSTEMPATH\Boot.php(68): CodeIgniter\Boot::runCodeIgniter(Object(CodeIgniter\CodeIgniter))
11 FCPATH\index.php(59): CodeIgniter\Boot::bootWeb(Object(Config\Paths))
CRITICAL - 2026-07-09 18:00:08 --> Error: Call to undefined method CodeIgniter\Database\MySQLi\Builder::whereNoyIn()
[Method: GET, Route: calendario]
in APPPATH\Services\AgendaNotificacionService.php on line 35.
 1 APPPATH\Services\AgendaNotificacionService.php(9): App\Services\AgendaNotificacionService->obtenerAgendaDeHoy()
 2 APPPATH\Services\NotificacionService.php(19): App\Services\AgendaNotificacionService->paraNavbar()
 3 APPPATH\Views\layouts\navbar.php(5): App\Services\NotificacionService->paraNavbar()
 4 SYSTEMPATH\View\View.php(226): include('C:\\xampp\\htdocs\\sistema\\app\\Views\\layouts\\navbar.php')
 5 SYSTEMPATH\View\View.php(229): CodeIgniter\View\View->CodeIgniter\View\{closure}()
 6 SYSTEMPATH\View\View.php(475): CodeIgniter\View\View->render('layouts/navbar', null, true)
 7 APPPATH\Views\agenda\calendario.php(3): CodeIgniter\View\View->include('layouts/navbar')
 8 SYSTEMPATH\View\View.php(226): include('C:\\xampp\\htdocs\\sistema\\app\\Views\\agenda\\calendario.php')
 9 SYSTEMPATH\View\View.php(229): CodeIgniter\View\View->CodeIgniter\View\{closure}()
10 SYSTEMPATH\Common.php(1167): CodeIgniter\View\View->render('agenda/calendario', [], true)
11 APPPATH\Controllers\AgendaController.php(322): view('agenda/calendario')
12 SYSTEMPATH\CodeIgniter.php(933): App\Controllers\AgendaController->showCalendar()
13 SYSTEMPATH\CodeIgniter.php(507): CodeIgniter\CodeIgniter->runController(Object(App\Controllers\AgendaController))
14 SYSTEMPATH\CodeIgniter.php(354): CodeIgniter\CodeIgniter->handleRequest(null, Object(Config\Cache), false)
15 SYSTEMPATH\Boot.php(363): CodeIgniter\CodeIgniter->run()
16 SYSTEMPATH\Boot.php(68): CodeIgniter\Boot::runCodeIgniter(Object(CodeIgniter\CodeIgniter))
17 FCPATH\index.php(59): CodeIgniter\Boot::bootWeb(Object(Config\Paths))
ERROR - 2026-07-09 18:06:52 --> El archivo JSON de FCM NO existe en: /home1/videovig/sistema.videovigilanciagdl.com.mx/app/Firebase/sistemavvgdl-f3701-firebase-adminsdk-fbsvc-507e0bc878.json
ERROR - 2026-07-09 18:06:52 --> FCM Auth Error: openssl_sign(): Supplied key param cannot be coerced into a private key
ERROR - 2026-07-09 18:06:52 --> No se pudo obtener access token para FCM
ERROR - 2026-07-09 18:07:18 --> El archivo JSON de FCM NO existe en: /home1/videovig/sistema.videovigilanciagdl.com.mx/app/Firebase/sistemavvgdl-f3701-firebase-adminsdk-fbsvc-507e0bc878.json
ERROR - 2026-07-09 18:07:18 --> FCM Auth Error: openssl_sign(): Supplied key param cannot be coerced into a private key
ERROR - 2026-07-09 18:07:18 --> No se pudo obtener access token para FCM
