CRITICAL - 2025-11-19 05:03:29 --> CodeIgniter\HTTP\Exceptions\BadRequestException: The URI you submitted has disallowed characters: ""https:"
[Method: GET, Route: %22https:/sistema.videovigilanciagdl.com.mx/plugins/jquery/jquery.min.js%22]
in SYSTEMPATH/Router/Router.php on line 741.
 1 SYSTEMPATH/Router/Router.php(207): CodeIgniter\Router\Router->checkDisallowedChars('"https:/sistema.videovigilanciagdl.com.mx/plugins/jquery/jquery.min.js"')
 2 SYSTEMPATH/CodeIgniter.php(832): CodeIgniter\Router\Router->handle('"https:/sistema.videovigilanciagdl.com.mx/plugins/jquery/jquery.min.js"')
 3 SYSTEMPATH/CodeIgniter.php(455): CodeIgniter\CodeIgniter->tryToRouteIt(Object(CodeIgniter\Router\RouteCollection))
 4 SYSTEMPATH/CodeIgniter.php(354): CodeIgniter\CodeIgniter->handleRequest(null, Object(Config\Cache), false)
 5 SYSTEMPATH/Boot.php(363): CodeIgniter\CodeIgniter->run()
 6 SYSTEMPATH/Boot.php(68): CodeIgniter\Boot::runCodeIgniter(Object(CodeIgniter\CodeIgniter))
 7 FCPATH/index.php(59): CodeIgniter\Boot::bootWeb(Object(Config\Paths))
CRITICAL - 2025-11-19 05:03:29 --> CodeIgniter\HTTP\Exceptions\BadRequestException: The URI you submitted has disallowed characters: ""https:"
[Method: GET, Route: %22https:/sistema.videovigilanciagdl.com.mx/dist/js/adminlte.min.js%22]
in SYSTEMPATH/Router/Router.php on line 741.
 1 SYSTEMPATH/Router/Router.php(207): CodeIgniter\Router\Router->checkDisallowedChars('"https:/sistema.videovigilanciagdl.com.mx/dist/js/adminlte.min.js"')
 2 SYSTEMPATH/CodeIgniter.php(832): CodeIgniter\Router\Router->handle('"https:/sistema.videovigilanciagdl.com.mx/dist/js/adminlte.min.js"')
 3 SYSTEMPATH/CodeIgniter.php(455): CodeIgniter\CodeIgniter->tryToRouteIt(Object(CodeIgniter\Router\RouteCollection))
 4 SYSTEMPATH/CodeIgniter.php(354): CodeIgniter\CodeIgniter->handleRequest(null, Object(Config\Cache), false)
 5 SYSTEMPATH/Boot.php(363): CodeIgniter\CodeIgniter->run()
 6 SYSTEMPATH/Boot.php(68): CodeIgniter\Boot::runCodeIgniter(Object(CodeIgniter\CodeIgniter))
 7 FCPATH/index.php(59): CodeIgniter\Boot::bootWeb(Object(Config\Paths))
CRITICAL - 2025-11-19 05:03:29 --> CodeIgniter\HTTP\Exceptions\BadRequestException: The URI you submitted has disallowed characters: ""https:"
[Method: GET, Route: %22https:/sistema.videovigilanciagdl.com.mx/index.php]
in SYSTEMPATH/Router/Router.php on line 741.
 1 SYSTEMPATH/Router/Router.php(207): CodeIgniter\Router\Router->checkDisallowedChars('"https:/sistema.videovigilanciagdl.com.mx/index.php')
 2 SYSTEMPATH/CodeIgniter.php(832): CodeIgniter\Router\Router->handle('"https:/sistema.videovigilanciagdl.com.mx/index.php')
 3 SYSTEMPATH/CodeIgniter.php(455): CodeIgniter\CodeIgniter->tryToRouteIt(Object(CodeIgniter\Router\RouteCollection))
 4 SYSTEMPATH/CodeIgniter.php(354): CodeIgniter\CodeIgniter->handleRequest(null, Object(Config\Cache), false)
 5 SYSTEMPATH/Boot.php(363): CodeIgniter\CodeIgniter->run()
 6 SYSTEMPATH/Boot.php(68): CodeIgniter\Boot::runCodeIgniter(Object(CodeIgniter\CodeIgniter))
 7 FCPATH/index.php(59): CodeIgniter\Boot::bootWeb(Object(Config\Paths))
CRITICAL - 2025-11-19 05:03:29 --> CodeIgniter\HTTP\Exceptions\BadRequestException: The URI you submitted has disallowed characters: ""https:"
[Method: GET, Route: %22https:/sistema.videovigilanciagdl.com.mx/plugins/bootstrap/js/bootstrap.bundle.min.js%22]
in SYSTEMPATH/Router/Router.php on line 741.
 1 SYSTEMPATH/Router/Router.php(207): CodeIgniter\Router\Router->checkDisallowedChars('"https:/sistema.videovigilanciagdl.com.mx/plugins/bootstrap/js/bootstrap.bundle.min.js"')
 2 SYSTEMPATH/CodeIgniter.php(832): CodeIgniter\Router\Router->handle('"https:/sistema.videovigilanciagdl.com.mx/plugins/bootstrap/js/bootstrap.bundle.min.js"')
 3 SYSTEMPATH/CodeIgniter.php(455): CodeIgniter\CodeIgniter->tryToRouteIt(Object(CodeIgniter\Router\RouteCollection))
 4 SYSTEMPATH/CodeIgniter.php(354): CodeIgniter\CodeIgniter->handleRequest(null, Object(Config\Cache), false)
 5 SYSTEMPATH/Boot.php(363): CodeIgniter\CodeIgniter->run()
 6 SYSTEMPATH/Boot.php(68): CodeIgniter\Boot::runCodeIgniter(Object(CodeIgniter\CodeIgniter))
 7 FCPATH/index.php(59): CodeIgniter\Boot::bootWeb(Object(Config\Paths))
